INFO [edu.isi.index.WikipediaIndexer.main()] [2012-11-05 23:43:02,117] (WikipediaIndexer->main->35): Starting application ...
INFO [edu.isi.index.WikipediaIndexer.main()] [2012-11-05 23:46:23,841] (WikipediaIndexer->main->74): Done indexing the Wikipedia dump!
INFO [edu.isi.index.WikipediaIndexer.main()] [2012-11-06 00:00:40,214] (WikipediaIndexer->main->35): Starting application ...
ERROR [edu.isi.index.WikipediaIndexer.main()] [2012-11-06 00:03:58,652] (SAXWikiPageHandler->process->126): Malformed infobox for 9426
ERROR [edu.isi.index.WikipediaIndexer.main()] [2012-11-06 00:06:39,877] (SAXWikiPageHandler->process->126): Malformed infobox for 17115
ERROR [edu.isi.index.WikipediaIndexer.main()] [2012-11-06 00:11:22,651] (SAXWikiPageHandler->process->126): Malformed infobox for 34444
ERROR [edu.isi.index.WikipediaIndexer.main()] [2012-11-06 00:12:40,566] (SAXWikiPageHandler->process->126): Malformed infobox for 39996
ERROR [edu.isi.index.WikipediaIndexer.main()] [2012-11-06 00:14:39,945] (SAXWikiPageHandler->process->126): Malformed infobox for 49489
ERROR [edu.isi.index.WikipediaIndexer.main()] [2012-11-06 00:15:09,750] (SAXWikiPageHandler->process->126): Malformed infobox for 52398
ERROR [edu.isi.index.WikipediaIndexer.main()] [2012-11-06 00:17:32,178] (SAXWikiPageHandler->process->126): Malformed infobox for 69037
INFO [edu.isi.index.WikipediaIndexer.main()] [2012-11-06 00:18:17,290] (SAXWikiPageHandler->process->119): Done with 50000 wiki pages!
ERROR [edu.isi.index.WikipediaIndexer.main()] [2012-11-06 00:21:58,316] (SAXWikiPageHandler->process->126): Malformed infobox for 106909
INFO [edu.isi.index.WikipediaIndexer.main()] [2012-11-06 00:27:20,796] (SAXWikiPageHandler->process->119): Done with 100000 wiki pages!
ERROR [edu.isi.index.WikipediaIndexer.main()] [2012-11-06 00:27:47,235] (SAXWikiPageHandler->process->126): Malformed infobox for 140341
ERROR [edu.isi.index.WikipediaIndexer.main()] [2012-11-06 00:35:23,509] (SAXWikiPageHandler->process->126): Malformed infobox for 195951
ERROR [edu.isi.index.WikipediaIndexer.main()] [2012-11-06 00:37:24,799] (SAXWikiPageHandler->process->126): Malformed infobox for 211042
ERROR [edu.isi.index.WikipediaIndexer.main()] [2012-11-06 00:39:00,617] (SAXWikiPageHandler->process->126): Malformed infobox for 225092
INFO [edu.isi.index.WikipediaIndexer.main()] [2012-11-06 00:39:07,275] (SAXWikiPageHandler->process->119): Done with 150000 wiki pages!
ERROR [edu.isi.index.WikipediaIndexer.main()] [2012-11-06 00:39:35,799] (SAXWikiPageHandler->process->126): Malformed infobox for 229780
ERROR [edu.isi.index.WikipediaIndexer.main()] [2012-11-06 00:42:10,029] (SAXWikiPageHandler->process->126): Malformed infobox for 252067
ERROR [edu.isi.index.WikipediaIndexer.main()] [2012-11-06 00:43:00,525] (SAXWikiPageHandler->process->126): Malformed infobox for 259745
ERROR [edu.isi.index.WikipediaIndexer.main()] [2012-11-06 00:45:04,001] (SAXWikiPageHandler->process->126): Malformed infobox for 277550
ERROR [edu.isi.index.WikipediaIndexer.main()] [2012-11-06 00:45:54,662] (SAXWikiPageHandler->process->126): Malformed infobox for 285489
ERROR [edu.isi.index.WikipediaIndexer.main()] [2012-11-06 00:46:15,018] (SAXWikiPageHandler->process->126): Malformed infobox for 288604
ERROR [edu.isi.index.WikipediaIndexer.main()] [2012-11-06 00:46:34,902] (SAXWikiPageHandler->process->126): Malformed infobox for 291879
ERROR [edu.isi.index.WikipediaIndexer.main()] [2012-11-06 00:47:36,404] (SAXWikiPageHandler->process->126): Malformed infobox for 302200
INFO [edu.isi.index.WikipediaIndexer.main()] [2012-11-06 00:49:01,628] (SAXWikiPageHandler->process->119): Done with 200000 wiki pages!
ERROR [edu.isi.index.WikipediaIndexer.main()] [2012-11-06 00:53:31,721] (SAXWikiPageHandler->process->126): Malformed infobox for 370478
ERROR [edu.isi.index.WikipediaIndexer.main()] [2012-11-06 00:53:34,548] (SAXWikiPageHandler->process->126): Malformed infobox for 370973
ERROR [edu.isi.index.WikipediaIndexer.main()] [2012-11-06 00:55:49,689] (SAXWikiPageHandler->process->126): Malformed infobox for 395705
ERROR [edu.isi.index.WikipediaIndexer.main()] [2012-11-06 00:56:29,593] (SAXWikiPageHandler->process->126): Malformed infobox for 403382
INFO [edu.isi.index.WikipediaIndexer.main()] [2012-11-06 00:57:25,702] (SAXWikiPageHandler->process->119): Done with 250000 wiki pages!
ERROR [edu.isi.index.WikipediaIndexer.main()] [2012-11-06 00:58:01,502] (SAXWikiPageHandler->process->126): Malformed infobox for 423622
ERROR [edu.isi.index.WikipediaIndexer.main()] [2012-11-06 01:00:01,106] (SAXWikiPageHandler->process->126): Malformed infobox for 450453
ERROR [edu.isi.index.WikipediaIndexer.main()] [2012-11-06 01:02:14,353] (SAXWikiPageHandler->process->126): Malformed infobox for 495420
ERROR [edu.isi.index.WikipediaIndexer.main()] [2012-11-06 01:02:17,696] (SAXWikiPageHandler->process->126): Malformed infobox for 496717
ERROR [edu.isi.index.WikipediaIndexer.main()] [2012-11-06 01:04:14,266] (SAXWikiPageHandler->process->126): Malformed infobox for 535514
ERROR [edu.isi.index.WikipediaIndexer.main()] [2012-11-06 01:05:26,296] (SAXWikiPageHandler->process->126): Malformed infobox for 542207
ERROR [edu.isi.index.WikipediaIndexer.main()] [2012-11-06 01:05:35,767] (SAXWikiPageHandler->process->126): Malformed infobox for 544266
ERROR [edu.isi.index.WikipediaIndexer.main()] [2012-11-06 01:05:42,066] (SAXWikiPageHandler->process->126): Malformed infobox for 545885
INFO [edu.isi.index.WikipediaIndexer.main()] [2012-11-06 01:06:23,601] (SAXWikiPageHandler->process->119): Done with 300000 wiki pages!
ERROR [edu.isi.index.WikipediaIndexer.main()] [2012-11-06 01:06:52,942] (SAXWikiPageHandler->process->126): Malformed infobox for 560692
INFO [edu.isi.index.WikipediaIndexer.main()] [2012-11-06 01:07:03,877] (SAXWikiPageHandler->process->93): Done with 10000 category pages!
ERROR [edu.isi.index.WikipediaIndexer.main()] [2012-11-06 01:09:09,917] (SAXWikiPageHandler->process->126): Malformed infobox for 593443
ERROR [edu.isi.index.WikipediaIndexer.main()] [2012-11-06 01:09:14,770] (SAXWikiPageHandler->process->126): Malformed infobox for 594578
INFO [edu.isi.index.WikipediaIndexer.main()] [2012-11-06 01:14:40,972] (SAXWikiPageHandler->process->119): Done with 350000 wiki pages!
INFO [edu.isi.index.WikipediaIndexer.main()] [2012-11-06 01:15:37,460] (SAXWikiPageHandler->process->93): Done with 20000 category pages!
ERROR [edu.isi.index.WikipediaIndexer.main()] [2012-11-06 01:16:16,873] (SAXWikiPageHandler->process->126): Malformed infobox for 687932
ERROR [edu.isi.index.WikipediaIndexer.main()] [2012-11-06 01:16:51,542] (SAXWikiPageHandler->process->126): Malformed infobox for 697741
ERROR [edu.isi.index.WikipediaIndexer.main()] [2012-11-06 01:19:14,744] (SAXWikiPageHandler->process->126): Malformed infobox for 731409
ERROR [edu.isi.index.WikipediaIndexer.main()] [2012-11-06 01:20:44,212] (SAXWikiPageHandler->process->126): Malformed infobox for 752918
ERROR [edu.isi.index.WikipediaIndexer.main()] [2012-11-06 01:20:44,225] (SAXWikiPageHandler->process->126): Malformed infobox for 752926
INFO [edu.isi.index.WikipediaIndexer.main()] [2012-11-06 01:21:41,708] (SAXWikiPageHandler->process->119): Done with 400000 wiki pages!
ERROR [edu.isi.index.WikipediaIndexer.main()] [2012-11-06 01:22:40,381] (SAXWikiPageHandler->process->126): Malformed infobox for 792852
ERROR [edu.isi.index.WikipediaIndexer.main()] [2012-11-06 01:25:52,492] (SAXWikiPageHandler->process->126): Malformed infobox for 840089
ERROR [edu.isi.index.WikipediaIndexer.main()] [2012-11-06 01:26:03,142] (SAXWikiPageHandler->process->126): Malformed infobox for 842763
INFO [edu.isi.index.WikipediaIndexer.main()] [2012-11-06 01:26:55,943] (SAXWikiPageHandler->process->93): Done with 30000 category pages!
INFO [edu.isi.index.WikipediaIndexer.main()] [2012-11-06 01:28:40,755] (SAXWikiPageHandler->process->119): Done with 450000 wiki pages!
ERROR [edu.isi.index.WikipediaIndexer.main()] [2012-11-06 01:29:20,631] (SAXWikiPageHandler->process->126): Malformed infobox for 892954
ERROR [edu.isi.index.WikipediaIndexer.main()] [2012-11-06 01:33:09,144] (SAXWikiPageHandler->process->126): Malformed infobox for 953935
INFO [edu.isi.index.WikipediaIndexer.main()] [2012-11-06 01:35:11,145] (SAXWikiPageHandler->process->119): Done with 500000 wiki pages!
ERROR [edu.isi.index.WikipediaIndexer.main()] [2012-11-06 01:37:20,614] (SAXWikiPageHandler->process->126): Malformed infobox for 1025974
ERROR [edu.isi.index.WikipediaIndexer.main()] [2012-11-06 01:37:26,656] (SAXWikiPageHandler->process->126): Malformed infobox for 1027459
ERROR [edu.isi.index.WikipediaIndexer.main()] [2012-11-06 01:39:10,393] (SAXWikiPageHandler->process->126): Malformed infobox for 1056481
INFO [edu.isi.index.WikipediaIndexer.main()] [2012-11-06 01:41:35,710] (SAXWikiPageHandler->process->93): Done with 40000 category pages!
INFO [edu.isi.index.WikipediaIndexer.main()] [2012-11-06 01:41:37,218] (SAXWikiPageHandler->process->119): Done with 550000 wiki pages!
ERROR [edu.isi.index.WikipediaIndexer.main()] [2012-11-06 01:42:57,468] (SAXWikiPageHandler->process->126): Malformed infobox for 1122542
ERROR [edu.isi.index.WikipediaIndexer.main()] [2012-11-06 01:43:01,269] (SAXWikiPageHandler->process->126): Malformed infobox for 1123646
INFO [edu.isi.index.WikipediaIndexer.main()] [2012-11-06 01:47:14,444] (SAXWikiPageHandler->process->119): Done with 600000 wiki pages!
ERROR [edu.isi.index.WikipediaIndexer.main()] [2012-11-06 01:47:55,725] (SAXWikiPageHandler->process->126): Malformed infobox for 1214153
ERROR [edu.isi.index.WikipediaIndexer.main()] [2012-11-06 01:49:04,909] (SAXWikiPageHandler->process->126): Malformed infobox for 1234527
ERROR [edu.isi.index.WikipediaIndexer.main()] [2012-11-06 01:49:28,035] (SAXWikiPageHandler->process->126): Malformed infobox for 1241439
ERROR [edu.isi.index.WikipediaIndexer.main()] [2012-11-06 01:49:40,776] (SAXWikiPageHandler->process->126): Malformed infobox for 1244931
INFO [edu.isi.index.WikipediaIndexer.main()] [2012-11-06 01:52:49,047] (SAXWikiPageHandler->process->119): Done with 650000 wiki pages!
ERROR [edu.isi.index.WikipediaIndexer.main()] [2012-11-06 01:55:13,320] (SAXWikiPageHandler->process->126): Malformed infobox for 1347535
ERROR [edu.isi.index.WikipediaIndexer.main()] [2012-11-06 01:55:54,797] (SAXWikiPageHandler->process->126): Malformed infobox for 1361355
ERROR [edu.isi.index.WikipediaIndexer.main()] [2012-11-06 01:56:24,429] (SAXWikiPageHandler->process->126): Malformed infobox for 1369839
INFO [edu.isi.index.WikipediaIndexer.main()] [2012-11-06 01:58:01,444] (SAXWikiPageHandler->process->119): Done with 700000 wiki pages!
INFO [edu.isi.index.WikipediaIndexer.main()] [2012-11-06 01:58:47,549] (SAXWikiPageHandler->process->93): Done with 50000 category pages!
ERROR [edu.isi.index.WikipediaIndexer.main()] [2012-11-06 01:58:49,962] (SAXWikiPageHandler->process->126): Malformed infobox for 1415379
ERROR [edu.isi.index.WikipediaIndexer.main()] [2012-11-06 01:59:09,760] (SAXWikiPageHandler->process->126): Malformed infobox for 1421207
ERROR [edu.isi.index.WikipediaIndexer.main()] [2012-11-06 01:59:50,533] (SAXWikiPageHandler->process->126): Malformed infobox for 1434051
ERROR [edu.isi.index.WikipediaIndexer.main()] [2012-11-06 02:01:23,906] (SAXWikiPageHandler->process->126): Malformed infobox for 1475995
ERROR [edu.isi.index.WikipediaIndexer.main()] [2012-11-06 02:01:24,451] (SAXWikiPageHandler->process->126): Malformed infobox for 1476198
INFO [edu.isi.index.WikipediaIndexer.main()] [2012-11-06 02:01:44,284] (SAXWikiPageHandler->process->119): Done with 750000 wiki pages!
ERROR [edu.isi.index.WikipediaIndexer.main()] [2012-11-06 02:01:50,201] (SAXWikiPageHandler->process->126): Malformed infobox for 1485837
ERROR [edu.isi.index.WikipediaIndexer.main()] [2012-11-06 02:02:45,734] (SAXWikiPageHandler->process->126): Malformed infobox for 1505316
ERROR [edu.isi.index.WikipediaIndexer.main()] [2012-11-06 02:05:03,981] (SAXWikiPageHandler->process->126): Malformed infobox for 1548100
INFO [edu.isi.index.WikipediaIndexer.main()] [2012-11-06 02:07:00,944] (SAXWikiPageHandler->process->119): Done with 800000 wiki pages!
ERROR [edu.isi.index.WikipediaIndexer.main()] [2012-11-06 02:08:16,943] (SAXWikiPageHandler->process->126): Malformed infobox for 1610317
ERROR [edu.isi.index.WikipediaIndexer.main()] [2012-11-06 02:09:45,771] (SAXWikiPageHandler->process->126): Malformed infobox for 1639140
ERROR [edu.isi.index.WikipediaIndexer.main()] [2012-11-06 02:09:48,982] (SAXWikiPageHandler->process->126): Malformed infobox for 1640112
INFO [edu.isi.index.WikipediaIndexer.main()] [2012-11-06 02:10:49,316] (SAXWikiPageHandler->process->93): Done with 60000 category pages!
ERROR [edu.isi.index.WikipediaIndexer.main()] [2012-11-06 02:11:44,471] (SAXWikiPageHandler->process->126): Malformed infobox for 1676338
ERROR [edu.isi.index.WikipediaIndexer.main()] [2012-11-06 02:11:45,755] (SAXWikiPageHandler->process->126): Malformed infobox for 1676866
INFO [edu.isi.index.WikipediaIndexer.main()] [2012-11-06 02:12:38,390] (SAXWikiPageHandler->process->119): Done with 850000 wiki pages!
ERROR [edu.isi.index.WikipediaIndexer.main()] [2012-11-06 02:13:53,220] (SAXWikiPageHandler->process->126): Malformed infobox for 1719598
INFO [edu.isi.index.WikipediaIndexer.main()] [2012-11-06 02:18:03,572] (SAXWikiPageHandler->process->119): Done with 900000 wiki pages!
ERROR [edu.isi.index.WikipediaIndexer.main()] [2012-11-06 02:19:35,093] (SAXWikiPageHandler->process->126): Malformed infobox for 1833699
INFO [edu.isi.index.WikipediaIndexer.main()] [2012-11-06 02:21:58,277] (SAXWikiPageHandler->process->93): Done with 70000 category pages!
INFO [edu.isi.index.WikipediaIndexer.main()] [2012-11-06 02:23:25,139] (SAXWikiPageHandler->process->119): Done with 950000 wiki pages!
ERROR [edu.isi.index.WikipediaIndexer.main()] [2012-11-06 02:28:24,550] (SAXWikiPageHandler->process->126): Malformed infobox for 2019818
INFO [edu.isi.index.WikipediaIndexer.main()] [2012-11-06 02:28:36,208] (SAXWikiPageHandler->process->119): Done with 1000000 wiki pages!
ERROR [edu.isi.index.WikipediaIndexer.main()] [2012-11-06 02:29:44,130] (SAXWikiPageHandler->process->126): Malformed infobox for 2047274
ERROR [edu.isi.index.WikipediaIndexer.main()] [2012-11-06 02:29:57,233] (SAXWikiPageHandler->process->126): Malformed infobox for 2052075
INFO [edu.isi.index.WikipediaIndexer.main()] [2012-11-06 02:32:25,689] (SAXWikiPageHandler->process->93): Done with 80000 category pages!
ERROR [edu.isi.index.WikipediaIndexer.main()] [2012-11-06 02:33:25,644] (SAXWikiPageHandler->process->126): Malformed infobox for 2124926
INFO [edu.isi.index.WikipediaIndexer.main()] [2012-11-06 02:33:57,998] (SAXWikiPageHandler->process->119): Done with 1050000 wiki pages!
ERROR [edu.isi.index.WikipediaIndexer.main()] [2012-11-06 02:37:43,823] (SAXWikiPageHandler->process->126): Malformed infobox for 2219631
INFO [edu.isi.index.WikipediaIndexer.main()] [2012-11-06 02:39:21,691] (SAXWikiPageHandler->process->119): Done with 1100000 wiki pages!
ERROR [edu.isi.index.WikipediaIndexer.main()] [2012-11-06 02:40:02,791] (SAXWikiPageHandler->process->126): Malformed infobox for 2268896
ERROR [edu.isi.index.WikipediaIndexer.main()] [2012-11-06 02:42:09,961] (SAXWikiPageHandler->process->126): Malformed infobox for 2318369
ERROR [edu.isi.index.WikipediaIndexer.main()] [2012-11-06 02:42:22,586] (SAXWikiPageHandler->process->126): Malformed infobox for 2323443
INFO [edu.isi.index.WikipediaIndexer.main()] [2012-11-06 02:43:03,665] (SAXWikiPageHandler->process->93): Done with 90000 category pages!
ERROR [edu.isi.index.WikipediaIndexer.main()] [2012-11-06 02:43:27,273] (SAXWikiPageHandler->process->126): Malformed infobox for 2348535
ERROR [edu.isi.index.WikipediaIndexer.main()] [2012-11-06 02:44:14,029] (SAXWikiPageHandler->process->126): Malformed infobox for 2367081
INFO [edu.isi.index.WikipediaIndexer.main()] [2012-11-06 02:44:28,048] (SAXWikiPageHandler->process->119): Done with 1150000 wiki pages!
ERROR [edu.isi.index.WikipediaIndexer.main()] [2012-11-06 02:44:38,240] (SAXWikiPageHandler->process->126): Malformed infobox for 2376339
ERROR [edu.isi.index.WikipediaIndexer.main()] [2012-11-06 02:45:34,817] (SAXWikiPageHandler->process->126): Malformed infobox for 2398076
ERROR [edu.isi.index.WikipediaIndexer.main()] [2012-11-06 02:46:06,076] (SAXWikiPageHandler->process->126): Malformed infobox for 2409836
ERROR [edu.isi.index.WikipediaIndexer.main()] [2012-11-06 02:46:11,430] (SAXWikiPageHandler->process->126): Malformed infobox for 2411576
ERROR [edu.isi.index.WikipediaIndexer.main()] [2012-11-06 02:46:21,096] (SAXWikiPageHandler->process->126): Malformed infobox for 2415213
ERROR [edu.isi.index.WikipediaIndexer.main()] [2012-11-06 02:46:35,980] (SAXWikiPageHandler->process->126): Malformed infobox for 2421142
ERROR [edu.isi.index.WikipediaIndexer.main()] [2012-11-06 02:47:18,994] (SAXWikiPageHandler->process->126): Malformed infobox for 2439289
ERROR [edu.isi.index.WikipediaIndexer.main()] [2012-11-06 02:47:33,621] (SAXWikiPageHandler->process->126): Malformed infobox for 2445257
ERROR [edu.isi.index.WikipediaIndexer.main()] [2012-11-06 02:48:20,902] (SAXWikiPageHandler->process->126): Malformed infobox for 2464347
ERROR [edu.isi.index.WikipediaIndexer.main()] [2012-11-06 02:48:25,057] (SAXWikiPageHandler->process->126): Malformed infobox for 2465893
INFO [edu.isi.index.WikipediaIndexer.main()] [2012-11-06 02:49:27,790] (SAXWikiPageHandler->process->119): Done with 1200000 wiki pages!
ERROR [edu.isi.index.WikipediaIndexer.main()] [2012-11-06 02:50:38,569] (SAXWikiPageHandler->process->126): Malformed infobox for 2520496
INFO [edu.isi.index.WikipediaIndexer.main()] [2012-11-06 02:51:06,521] (SAXWikiPageHandler->process->93): Done with 100000 category pages!
ERROR [edu.isi.index.WikipediaIndexer.main()] [2012-11-06 02:51:18,631] (SAXWikiPageHandler->process->126): Malformed infobox for 2537106
ERROR [edu.isi.index.WikipediaIndexer.main()] [2012-11-06 02:51:35,093] (SAXWikiPageHandler->process->126): Malformed infobox for 2543766
ERROR [edu.isi.index.WikipediaIndexer.main()] [2012-11-06 02:52:07,422] (SAXWikiPageHandler->process->126): Malformed infobox for 2555720
ERROR [edu.isi.index.WikipediaIndexer.main()] [2012-11-06 02:53:06,836] (SAXWikiPageHandler->process->126): Malformed infobox for 2579377
ERROR [edu.isi.index.WikipediaIndexer.main()] [2012-11-06 02:53:07,102] (SAXWikiPageHandler->process->126): Malformed infobox for 2579558
INFO [edu.isi.index.WikipediaIndexer.main()] [2012-11-06 02:54:38,562] (SAXWikiPageHandler->process->119): Done with 1250000 wiki pages!
ERROR [edu.isi.index.WikipediaIndexer.main()] [2012-11-06 02:55:41,076] (SAXWikiPageHandler->process->126): Malformed infobox for 2640386
ERROR [edu.isi.index.WikipediaIndexer.main()] [2012-11-06 02:56:13,055] (SAXWikiPageHandler->process->126): Malformed infobox for 2652789
ERROR [edu.isi.index.WikipediaIndexer.main()] [2012-11-06 02:59:06,506] (SAXWikiPageHandler->process->126): Malformed infobox for 2718024
INFO [edu.isi.index.WikipediaIndexer.main()] [2012-11-06 02:59:28,728] (SAXWikiPageHandler->process->93): Done with 110000 category pages!
INFO [edu.isi.index.WikipediaIndexer.main()] [2012-11-06 02:59:56,954] (SAXWikiPageHandler->process->119): Done with 1300000 wiki pages!
ERROR [edu.isi.index.WikipediaIndexer.main()] [2012-11-06 03:01:18,915] (SAXWikiPageHandler->process->126): Malformed infobox for 2769600
ERROR [edu.isi.index.WikipediaIndexer.main()] [2012-11-06 03:01:30,098] (SAXWikiPageHandler->process->126): Malformed infobox for 2773638
ERROR [edu.isi.index.WikipediaIndexer.main()] [2012-11-06 03:02:57,925] (SAXWikiPageHandler->process->126): Malformed infobox for 2805687
INFO [edu.isi.index.WikipediaIndexer.main()] [2012-11-06 03:05:21,613] (SAXWikiPageHandler->process->119): Done with 1350000 wiki pages!
ERROR [edu.isi.index.WikipediaIndexer.main()] [2012-11-06 03:05:27,752] (SAXWikiPageHandler->process->126): Malformed infobox for 2862349
ERROR [edu.isi.index.WikipediaIndexer.main()] [2012-11-06 03:06:10,445] (SAXWikiPageHandler->process->126): Malformed infobox for 2880311
ERROR [edu.isi.index.WikipediaIndexer.main()] [2012-11-06 03:07:14,723] (SAXWikiPageHandler->process->126): Malformed infobox for 2908243
INFO [edu.isi.index.WikipediaIndexer.main()] [2012-11-06 03:08:26,617] (SAXWikiPageHandler->process->93): Done with 120000 category pages!
ERROR [edu.isi.index.WikipediaIndexer.main()] [2012-11-06 03:09:50,733] (SAXWikiPageHandler->process->126): Malformed infobox for 2970515
INFO [edu.isi.index.WikipediaIndexer.main()] [2012-11-06 03:10:14,402] (SAXWikiPageHandler->process->119): Done with 1400000 wiki pages!
ERROR [edu.isi.index.WikipediaIndexer.main()] [2012-11-06 03:12:17,869] (SAXWikiPageHandler->process->126): Malformed infobox for 3027298
ERROR [edu.isi.index.WikipediaIndexer.main()] [2012-11-06 03:13:32,024] (SAXWikiPageHandler->process->126): Malformed infobox for 3056433
ERROR [edu.isi.index.WikipediaIndexer.main()] [2012-11-06 03:13:50,905] (SAXWikiPageHandler->process->126): Malformed infobox for 3064495
INFO [edu.isi.index.WikipediaIndexer.main()] [2012-11-06 03:14:45,295] (SAXWikiPageHandler->process->119): Done with 1450000 wiki pages!
ERROR [edu.isi.index.WikipediaIndexer.main()] [2012-11-06 03:15:41,671] (SAXWikiPageHandler->process->126): Malformed infobox for 3118814
ERROR [edu.isi.index.WikipediaIndexer.main()] [2012-11-06 03:15:43,675] (SAXWikiPageHandler->process->126): Malformed infobox for 3119725
INFO [edu.isi.index.WikipediaIndexer.main()] [2012-11-06 03:17:08,511] (SAXWikiPageHandler->process->93): Done with 130000 category pages!
ERROR [edu.isi.index.WikipediaIndexer.main()] [2012-11-06 03:17:30,836] (SAXWikiPageHandler->process->126): Malformed infobox for 3164729
INFO [edu.isi.index.WikipediaIndexer.main()] [2012-11-06 03:19:33,803] (SAXWikiPageHandler->process->119): Done with 1500000 wiki pages!
ERROR [edu.isi.index.WikipediaIndexer.main()] [2012-11-06 03:20:53,539] (SAXWikiPageHandler->process->126): Malformed infobox for 3245399
ERROR [edu.isi.index.WikipediaIndexer.main()] [2012-11-06 03:21:43,439] (SAXWikiPageHandler->process->126): Malformed infobox for 3264607
ERROR [edu.isi.index.WikipediaIndexer.main()] [2012-11-06 03:22:38,829] (SAXWikiPageHandler->process->126): Malformed infobox for 3288329
ERROR [edu.isi.index.WikipediaIndexer.main()] [2012-11-06 03:22:57,927] (SAXWikiPageHandler->process->126): Malformed infobox for 3296988
ERROR [edu.isi.index.WikipediaIndexer.main()] [2012-11-06 03:23:09,839] (SAXWikiPageHandler->process->126): Malformed infobox for 3301213
INFO [edu.isi.index.WikipediaIndexer.main()] [2012-11-06 03:24:31,966] (SAXWikiPageHandler->process->119): Done with 1550000 wiki pages!
ERROR [edu.isi.index.WikipediaIndexer.main()] [2012-11-06 03:24:56,465] (SAXWikiPageHandler->process->126): Malformed infobox for 3346417
INFO [edu.isi.index.WikipediaIndexer.main()] [2012-11-06 03:25:01,100] (SAXWikiPageHandler->process->93): Done with 140000 category pages!
ERROR [edu.isi.index.WikipediaIndexer.main()] [2012-11-06 03:25:38,861] (SAXWikiPageHandler->process->126): Malformed infobox for 3365313
ERROR [edu.isi.index.WikipediaIndexer.main()] [2012-11-06 03:26:39,041] (SAXWikiPageHandler->process->126): Malformed infobox for 3392566
ERROR [edu.isi.index.WikipediaIndexer.main()] [2012-11-06 03:28:26,376] (SAXWikiPageHandler->process->126): Malformed infobox for 3439413
INFO [edu.isi.index.WikipediaIndexer.main()] [2012-11-06 03:28:44,826] (SAXWikiPageHandler->process->119): Done with 1600000 wiki pages!
ERROR [edu.isi.index.WikipediaIndexer.main()] [2012-11-06 03:29:11,083] (SAXWikiPageHandler->process->126): Malformed infobox for 3456317
ERROR [edu.isi.index.WikipediaIndexer.main()] [2012-11-06 03:31:19,401] (SAXWikiPageHandler->process->126): Malformed infobox for 3509164
INFO [edu.isi.index.WikipediaIndexer.main()] [2012-11-06 03:32:07,838] (SAXWikiPageHandler->process->93): Done with 150000 category pages!
INFO [edu.isi.index.WikipediaIndexer.main()] [2012-11-06 03:33:36,776] (SAXWikiPageHandler->process->119): Done with 1650000 wiki pages!
ERROR [edu.isi.index.WikipediaIndexer.main()] [2012-11-06 03:34:05,135] (SAXWikiPageHandler->process->126): Malformed infobox for 3572419
ERROR [edu.isi.index.WikipediaIndexer.main()] [2012-11-06 03:34:06,358] (SAXWikiPageHandler->process->126): Malformed infobox for 3572873
ERROR [edu.isi.index.WikipediaIndexer.main()] [2012-11-06 03:35:08,863] (SAXWikiPageHandler->process->126): Malformed infobox for 3597240
ERROR [edu.isi.index.WikipediaIndexer.main()] [2012-11-06 03:37:48,408] (SAXWikiPageHandler->process->126): Malformed infobox for 3661879
INFO [edu.isi.index.WikipediaIndexer.main()] [2012-11-06 03:38:50,423] (SAXWikiPageHandler->process->119): Done with 1700000 wiki pages!
ERROR [edu.isi.index.WikipediaIndexer.main()] [2012-11-06 03:39:17,971] (SAXWikiPageHandler->process->126): Malformed infobox for 3697590
ERROR [edu.isi.index.WikipediaIndexer.main()] [2012-11-06 03:39:18,812] (SAXWikiPageHandler->process->126): Malformed infobox for 3697991
INFO [edu.isi.index.WikipediaIndexer.main()] [2012-11-06 03:39:38,285] (SAXWikiPageHandler->process->93): Done with 160000 category pages!
ERROR [edu.isi.index.WikipediaIndexer.main()] [2012-11-06 03:40:24,137] (SAXWikiPageHandler->process->126): Malformed infobox for 3725254
ERROR [edu.isi.index.WikipediaIndexer.main()] [2012-11-06 03:40:41,864] (SAXWikiPageHandler->process->126): Malformed infobox for 3732478
ERROR [edu.isi.index.WikipediaIndexer.main()] [2012-11-06 03:41:07,594] (SAXWikiPageHandler->process->126): Malformed infobox for 3744379
ERROR [edu.isi.index.WikipediaIndexer.main()] [2012-11-06 03:41:21,511] (SAXWikiPageHandler->process->126): Malformed infobox for 3751355
INFO [edu.isi.index.WikipediaIndexer.main()] [2012-11-06 03:44:01,566] (SAXWikiPageHandler->process->119): Done with 1750000 wiki pages!
ERROR [edu.isi.index.WikipediaIndexer.main()] [2012-11-06 03:44:37,384] (SAXWikiPageHandler->process->126): Malformed infobox for 3831225
ERROR [edu.isi.index.WikipediaIndexer.main()] [2012-11-06 03:44:41,494] (SAXWikiPageHandler->process->126): Malformed infobox for 3832900
INFO [edu.isi.index.WikipediaIndexer.main()] [2012-11-06 03:46:39,914] (SAXWikiPageHandler->process->93): Done with 170000 category pages!
ERROR [edu.isi.index.WikipediaIndexer.main()] [2012-11-06 03:46:52,458] (SAXWikiPageHandler->process->126): Malformed infobox for 3887296
INFO [edu.isi.index.WikipediaIndexer.main()] [2012-11-06 03:49:09,348] (SAXWikiPageHandler->process->119): Done with 1800000 wiki pages!
ERROR [edu.isi.index.WikipediaIndexer.main()] [2012-11-06 03:51:51,590] (SAXWikiPageHandler->process->126): Malformed infobox for 4011710
ERROR [edu.isi.index.WikipediaIndexer.main()] [2012-11-06 03:53:07,941] (SAXWikiPageHandler->process->126): Malformed infobox for 4021344
ERROR [edu.isi.index.WikipediaIndexer.main()] [2012-11-06 03:53:19,386] (SAXWikiPageHandler->process->126): Malformed infobox for 4025932
INFO [edu.isi.index.WikipediaIndexer.main()] [2012-11-06 03:53:29,228] (SAXWikiPageHandler->process->93): Done with 180000 category pages!
ERROR [edu.isi.index.WikipediaIndexer.main()] [2012-11-06 03:54:11,795] (SAXWikiPageHandler->process->126): Malformed infobox for 4047406
INFO [edu.isi.index.WikipediaIndexer.main()] [2012-11-06 03:55:06,038] (SAXWikiPageHandler->process->119): Done with 1850000 wiki pages!
ERROR [edu.isi.index.WikipediaIndexer.main()] [2012-11-06 03:56:39,273] (SAXWikiPageHandler->process->126): Malformed infobox for 4109218
ERROR [edu.isi.index.WikipediaIndexer.main()] [2012-11-06 03:57:08,732] (SAXWikiPageHandler->process->126): Malformed infobox for 4118790
ERROR [edu.isi.index.WikipediaIndexer.main()] [2012-11-06 03:57:13,676] (SAXWikiPageHandler->process->126): Malformed infobox for 4120355
ERROR [edu.isi.index.WikipediaIndexer.main()] [2012-11-06 03:57:39,997] (SAXWikiPageHandler->process->126): Malformed infobox for 4129067
ERROR [edu.isi.index.WikipediaIndexer.main()] [2012-11-06 03:58:50,928] (SAXWikiPageHandler->process->126): Malformed infobox for 4157520
ERROR [edu.isi.index.WikipediaIndexer.main()] [2012-11-06 03:59:48,655] (SAXWikiPageHandler->process->126): Malformed infobox for 4180454
INFO [edu.isi.index.WikipediaIndexer.main()] [2012-11-06 04:00:13,205] (SAXWikiPageHandler->process->93): Done with 190000 category pages!
INFO [edu.isi.index.WikipediaIndexer.main()] [2012-11-06 04:00:28,213] (SAXWikiPageHandler->process->119): Done with 1900000 wiki pages!
ERROR [edu.isi.index.WikipediaIndexer.main()] [2012-11-06 04:01:52,550] (SAXWikiPageHandler->process->126): Malformed infobox for 4232396
ERROR [edu.isi.index.WikipediaIndexer.main()] [2012-11-06 04:04:26,082] (SAXWikiPageHandler->process->126): Malformed infobox for 4295718
ERROR [edu.isi.index.WikipediaIndexer.main()] [2012-11-06 04:04:50,634] (SAXWikiPageHandler->process->126): Malformed infobox for 4305867
ERROR [edu.isi.index.WikipediaIndexer.main()] [2012-11-06 04:04:55,134] (SAXWikiPageHandler->process->126): Malformed infobox for 4307554
ERROR [edu.isi.index.WikipediaIndexer.main()] [2012-11-06 04:05:12,434] (SAXWikiPageHandler->process->126): Malformed infobox for 4314326
INFO [edu.isi.index.WikipediaIndexer.main()] [2012-11-06 04:05:34,129] (SAXWikiPageHandler->process->119): Done with 1950000 wiki pages!
INFO [edu.isi.index.WikipediaIndexer.main()] [2012-11-06 04:06:03,406] (SAXWikiPageHandler->process->93): Done with 200000 category pages!
ERROR [edu.isi.index.WikipediaIndexer.main()] [2012-11-06 04:06:29,897] (SAXWikiPageHandler->process->126): Malformed infobox for 4357495
ERROR [edu.isi.index.WikipediaIndexer.main()] [2012-11-06 04:06:35,753] (SAXWikiPageHandler->process->126): Malformed infobox for 4359913
ERROR [edu.isi.index.WikipediaIndexer.main()] [2012-11-06 04:06:47,469] (SAXWikiPageHandler->process->126): Malformed infobox for 4365675
ERROR [edu.isi.index.WikipediaIndexer.main()] [2012-11-06 04:07:16,878] (SAXWikiPageHandler->process->126): Malformed infobox for 4380692
ERROR [edu.isi.index.WikipediaIndexer.main()] [2012-11-06 04:08:50,105] (SAXWikiPageHandler->process->126): Malformed infobox for 4418868
INFO [edu.isi.index.WikipediaIndexer.main()] [2012-11-06 04:09:21,170] (SAXWikiPageHandler->process->119): Done with 2000000 wiki pages!
ERROR [edu.isi.index.WikipediaIndexer.main()] [2012-11-06 04:09:26,912] (SAXWikiPageHandler->process->126): Malformed infobox for 4433244
ERROR [edu.isi.index.WikipediaIndexer.main()] [2012-11-06 04:10:02,469] (SAXWikiPageHandler->process->126): Malformed infobox for 4448465
ERROR [edu.isi.index.WikipediaIndexer.main()] [2012-11-06 04:12:33,053] (SAXWikiPageHandler->process->126): Malformed infobox for 4503873
ERROR [edu.isi.index.WikipediaIndexer.main()] [2012-11-06 04:12:33,775] (SAXWikiPageHandler->process->126): Malformed infobox for 4504023
INFO [edu.isi.index.WikipediaIndexer.main()] [2012-11-06 04:13:44,142] (SAXWikiPageHandler->process->93): Done with 210000 category pages!
INFO [edu.isi.index.WikipediaIndexer.main()] [2012-11-06 04:14:50,130] (SAXWikiPageHandler->process->119): Done with 2050000 wiki pages!
ERROR [edu.isi.index.WikipediaIndexer.main()] [2012-11-06 04:15:11,701] (SAXWikiPageHandler->process->126): Malformed infobox for 4578096
ERROR [edu.isi.index.WikipediaIndexer.main()] [2012-11-06 04:16:29,267] (SAXWikiPageHandler->process->126): Malformed infobox for 4618616
ERROR [edu.isi.index.WikipediaIndexer.main()] [2012-11-06 04:17:00,596] (SAXWikiPageHandler->process->126): Malformed infobox for 4631267
ERROR [edu.isi.index.WikipediaIndexer.main()] [2012-11-06 04:19:27,186] (SAXWikiPageHandler->process->126): Malformed infobox for 4698576
INFO [edu.isi.index.WikipediaIndexer.main()] [2012-11-06 04:19:37,906] (SAXWikiPageHandler->process->119): Done with 2100000 wiki pages!
INFO [edu.isi.index.WikipediaIndexer.main()] [2012-11-06 04:19:58,606] (SAXWikiPageHandler->process->93): Done with 220000 category pages!
ERROR [edu.isi.index.WikipediaIndexer.main()] [2012-11-06 04:20:19,589] (SAXWikiPageHandler->process->126): Malformed infobox for 4720055
ERROR [edu.isi.index.WikipediaIndexer.main()] [2012-11-06 04:23:18,716] (SAXWikiPageHandler->process->126): Malformed infobox for 4802563
ERROR [edu.isi.index.WikipediaIndexer.main()] [2012-11-06 04:23:39,458] (SAXWikiPageHandler->process->126): Malformed infobox for 4812404
ERROR [edu.isi.index.WikipediaIndexer.main()] [2012-11-06 04:24:06,566] (SAXWikiPageHandler->process->126): Malformed infobox for 4825026
ERROR [edu.isi.index.WikipediaIndexer.main()] [2012-11-06 04:24:09,036] (SAXWikiPageHandler->process->126): Malformed infobox for 4825857
ERROR [edu.isi.index.WikipediaIndexer.main()] [2012-11-06 04:24:36,122] (SAXWikiPageHandler->process->126): Malformed infobox for 4840496
INFO [edu.isi.index.WikipediaIndexer.main()] [2012-11-06 04:25:11,981] (SAXWikiPageHandler->process->119): Done with 2150000 wiki pages!
INFO [edu.isi.index.WikipediaIndexer.main()] [2012-11-06 04:26:48,541] (SAXWikiPageHandler->process->93): Done with 230000 category pages!
ERROR [edu.isi.index.WikipediaIndexer.main()] [2012-11-06 04:27:12,566] (SAXWikiPageHandler->process->126): Malformed infobox for 4902381
ERROR [edu.isi.index.WikipediaIndexer.main()] [2012-11-06 04:29:50,909] (SAXWikiPageHandler->process->126): Malformed infobox for 4970530
ERROR [edu.isi.index.WikipediaIndexer.main()] [2012-11-06 04:29:53,928] (SAXWikiPageHandler->process->126): Malformed infobox for 4972013
INFO [edu.isi.index.WikipediaIndexer.main()] [2012-11-06 04:30:39,789] (SAXWikiPageHandler->process->119): Done with 2200000 wiki pages!
ERROR [edu.isi.index.WikipediaIndexer.main()] [2012-11-06 04:30:51,771] (SAXWikiPageHandler->process->126): Malformed infobox for 4996016
ERROR [edu.isi.index.WikipediaIndexer.main()] [2012-11-06 04:33:48,424] (SAXWikiPageHandler->process->126): Malformed infobox for 5060498
INFO [edu.isi.index.WikipediaIndexer.main()] [2012-11-06 04:34:22,643] (SAXWikiPageHandler->process->93): Done with 240000 category pages!
ERROR [edu.isi.index.WikipediaIndexer.main()] [2012-11-06 04:34:29,570] (SAXWikiPageHandler->process->126): Malformed infobox for 5072600
ERROR [edu.isi.index.WikipediaIndexer.main()] [2012-11-06 04:36:27,412] (SAXWikiPageHandler->process->126): Malformed infobox for 5123947
INFO [edu.isi.index.WikipediaIndexer.main()] [2012-11-06 04:36:29,225] (SAXWikiPageHandler->process->119): Done with 2250000 wiki pages!
ERROR [edu.isi.index.WikipediaIndexer.main()] [2012-11-06 04:36:37,465] (SAXWikiPageHandler->process->126): Malformed infobox for 5128167
ERROR [edu.isi.index.WikipediaIndexer.main()] [2012-11-06 04:36:57,088] (SAXWikiPageHandler->process->126): Malformed infobox for 5136409
ERROR [edu.isi.index.WikipediaIndexer.main()] [2012-11-06 04:37:13,149] (SAXWikiPageHandler->process->126): Malformed infobox for 5145495
ERROR [edu.isi.index.WikipediaIndexer.main()] [2012-11-06 04:37:33,781] (SAXWikiPageHandler->process->126): Malformed infobox for 5153332
ERROR [edu.isi.index.WikipediaIndexer.main()] [2012-11-06 04:41:08,127] (SAXWikiPageHandler->process->126): Malformed infobox for 5251243
INFO [edu.isi.index.WikipediaIndexer.main()] [2012-11-06 04:43:00,633] (SAXWikiPageHandler->process->119): Done with 2300000 wiki pages!
INFO [edu.isi.index.WikipediaIndexer.main()] [2012-11-06 04:43:05,801] (SAXWikiPageHandler->process->93): Done with 250000 category pages!
ERROR [edu.isi.index.WikipediaIndexer.main()] [2012-11-06 04:43:22,333] (SAXWikiPageHandler->process->126): Malformed infobox for 5281839
ERROR [edu.isi.index.WikipediaIndexer.main()] [2012-11-06 04:44:37,631] (SAXWikiPageHandler->process->126): Malformed infobox for 5313005
ERROR [edu.isi.index.WikipediaIndexer.main()] [2012-11-06 04:45:15,086] (SAXWikiPageHandler->process->126): Malformed infobox for 5326675
ERROR [edu.isi.index.WikipediaIndexer.main()] [2012-11-06 04:45:42,664] (SAXWikiPageHandler->process->126): Malformed infobox for 5341881
ERROR [edu.isi.index.WikipediaIndexer.main()] [2012-11-06 04:47:20,177] (SAXWikiPageHandler->process->126): Malformed infobox for 5390314
INFO [edu.isi.index.WikipediaIndexer.main()] [2012-11-06 04:48:33,185] (SAXWikiPageHandler->process->119): Done with 2350000 wiki pages!
INFO [edu.isi.index.WikipediaIndexer.main()] [2012-11-06 04:49:55,216] (SAXWikiPageHandler->process->93): Done with 260000 category pages!
ERROR [edu.isi.index.WikipediaIndexer.main()] [2012-11-06 04:50:27,639] (SAXWikiPageHandler->process->126): Malformed infobox for 5475778
INFO [edu.isi.index.WikipediaIndexer.main()] [2012-11-06 04:53:52,837] (SAXWikiPageHandler->process->119): Done with 2400000 wiki pages!
ERROR [edu.isi.index.WikipediaIndexer.main()] [2012-11-06 04:54:16,258] (SAXWikiPageHandler->process->126): Malformed infobox for 5582969
ERROR [edu.isi.index.WikipediaIndexer.main()] [2012-11-06 04:54:25,515] (SAXWikiPageHandler->process->126): Malformed infobox for 5587180
INFO [edu.isi.index.WikipediaIndexer.main()] [2012-11-06 04:55:01,213] (SAXWikiPageHandler->process->93): Done with 270000 category pages!
ERROR [edu.isi.index.WikipediaIndexer.main()] [2012-11-06 04:57:11,894] (SAXWikiPageHandler->process->126): Malformed infobox for 5655042
ERROR [edu.isi.index.WikipediaIndexer.main()] [2012-11-06 04:58:32,698] (SAXWikiPageHandler->process->126): Malformed infobox for 5698755
INFO [edu.isi.index.WikipediaIndexer.main()] [2012-11-06 04:59:25,221] (SAXWikiPageHandler->process->119): Done with 2450000 wiki pages!
ERROR [edu.isi.index.WikipediaIndexer.main()] [2012-11-06 05:00:40,600] (SAXWikiPageHandler->process->126): Malformed infobox for 5755544
INFO [edu.isi.index.WikipediaIndexer.main()] [2012-11-06 05:01:02,178] (SAXWikiPageHandler->process->93): Done with 280000 category pages!
ERROR [edu.isi.index.WikipediaIndexer.main()] [2012-11-06 05:03:25,975] (SAXWikiPageHandler->process->126): Malformed infobox for 5849420
INFO [edu.isi.index.WikipediaIndexer.main()] [2012-11-06 05:04:55,188] (SAXWikiPageHandler->process->119): Done with 2500000 wiki pages!
ERROR [edu.isi.index.WikipediaIndexer.main()] [2012-11-06 05:06:09,568] (SAXWikiPageHandler->process->126): Malformed infobox for 6012249
INFO [edu.isi.index.WikipediaIndexer.main()] [2012-11-06 05:06:57,175] (SAXWikiPageHandler->process->93): Done with 290000 category pages!
ERROR [edu.isi.index.WikipediaIndexer.main()] [2012-11-06 05:09:18,263] (SAXWikiPageHandler->process->126): Malformed infobox for 6090598
ERROR [edu.isi.index.WikipediaIndexer.main()] [2012-11-06 05:09:31,280] (SAXWikiPageHandler->process->126): Malformed infobox for 6095700
INFO [edu.isi.index.WikipediaIndexer.main()] [2012-11-06 05:10:21,329] (SAXWikiPageHandler->process->119): Done with 2550000 wiki pages!
ERROR [edu.isi.index.WikipediaIndexer.main()] [2012-11-06 05:10:40,226] (SAXWikiPageHandler->process->126): Malformed infobox for 6122676
ERROR [edu.isi.index.WikipediaIndexer.main()] [2012-11-06 05:10:53,564] (SAXWikiPageHandler->process->126): Malformed infobox for 6128373
INFO [edu.isi.index.WikipediaIndexer.main()] [2012-11-06 05:12:41,643] (SAXWikiPageHandler->process->93): Done with 300000 category pages!
ERROR [edu.isi.index.WikipediaIndexer.main()] [2012-11-06 05:12:52,465] (SAXWikiPageHandler->process->126): Malformed infobox for 6173041
ERROR [edu.isi.index.WikipediaIndexer.main()] [2012-11-06 05:14:55,247] (SAXWikiPageHandler->process->126): Malformed infobox for 6223141
INFO [edu.isi.index.WikipediaIndexer.main()] [2012-11-06 05:15:54,036] (SAXWikiPageHandler->process->119): Done with 2600000 wiki pages!
INFO [edu.isi.index.WikipediaIndexer.main()] [2012-11-06 05:18:11,020] (SAXWikiPageHandler->process->93): Done with 310000 category pages!
ERROR [edu.isi.index.WikipediaIndexer.main()] [2012-11-06 05:19:58,076] (SAXWikiPageHandler->process->126): Malformed infobox for 6340479
ERROR [edu.isi.index.WikipediaIndexer.main()] [2012-11-06 05:20:26,155] (SAXWikiPageHandler->process->126): Malformed infobox for 6350307
ERROR [edu.isi.index.WikipediaIndexer.main()] [2012-11-06 05:21:17,599] (SAXWikiPageHandler->process->126): Malformed infobox for 6374177
ERROR [edu.isi.index.WikipediaIndexer.main()] [2012-11-06 05:21:36,526] (SAXWikiPageHandler->process->126): Malformed infobox for 6384099
ERROR [edu.isi.index.WikipediaIndexer.main()] [2012-11-06 05:21:37,178] (SAXWikiPageHandler->process->126): Malformed infobox for 6384186
INFO [edu.isi.index.WikipediaIndexer.main()] [2012-11-06 05:21:47,210] (SAXWikiPageHandler->process->119): Done with 2650000 wiki pages!
INFO [edu.isi.index.WikipediaIndexer.main()] [2012-11-06 05:22:24,759] (SAXWikiPageHandler->process->93): Done with 320000 category pages!
ERROR [edu.isi.index.WikipediaIndexer.main()] [2012-11-06 05:23:11,826] (SAXWikiPageHandler->process->126): Malformed infobox for 6426873
ERROR [edu.isi.index.WikipediaIndexer.main()] [2012-11-06 05:24:27,934] (SAXWikiPageHandler->process->126): Malformed infobox for 6461426
INFO [edu.isi.index.WikipediaIndexer.main()] [2012-11-06 05:26:15,996] (SAXWikiPageHandler->process->119): Done with 2700000 wiki pages!
ERROR [edu.isi.index.WikipediaIndexer.main()] [2012-11-06 05:27:07,292] (SAXWikiPageHandler->process->126): Malformed infobox for 6536449
INFO [edu.isi.index.WikipediaIndexer.main()] [2012-11-06 05:27:42,598] (SAXWikiPageHandler->process->93): Done with 330000 category pages!
ERROR [edu.isi.index.WikipediaIndexer.main()] [2012-11-06 05:29:55,154] (SAXWikiPageHandler->process->126): Malformed infobox for 6607397
ERROR [edu.isi.index.WikipediaIndexer.main()] [2012-11-06 05:29:59,287] (SAXWikiPageHandler->process->126): Malformed infobox for 6609017
ERROR [edu.isi.index.WikipediaIndexer.main()] [2012-11-06 05:31:46,769] (SAXWikiPageHandler->process->126): Malformed infobox for 6656581
INFO [edu.isi.index.WikipediaIndexer.main()] [2012-11-06 05:31:49,869] (SAXWikiPageHandler->process->119): Done with 2750000 wiki pages!
ERROR [edu.isi.index.WikipediaIndexer.main()] [2012-11-06 05:32:04,347] (SAXWikiPageHandler->process->126): Malformed infobox for 6664422
INFO [edu.isi.index.WikipediaIndexer.main()] [2012-11-06 05:33:11,103] (SAXWikiPageHandler->process->93): Done with 340000 category pages!
ERROR [edu.isi.index.WikipediaIndexer.main()] [2012-11-06 05:33:25,969] (SAXWikiPageHandler->process->126): Malformed infobox for 6698969
ERROR [edu.isi.index.WikipediaIndexer.main()] [2012-11-06 05:35:13,207] (SAXWikiPageHandler->process->126): Malformed infobox for 6752136
ERROR [edu.isi.index.WikipediaIndexer.main()] [2012-11-06 05:36:24,015] (SAXWikiPageHandler->process->126): Malformed infobox for 6779938
ERROR [edu.isi.index.WikipediaIndexer.main()] [2012-11-06 05:37:06,500] (SAXWikiPageHandler->process->126): Malformed infobox for 6795844
INFO [edu.isi.index.WikipediaIndexer.main()] [2012-11-06 05:37:28,969] (SAXWikiPageHandler->process->119): Done with 2800000 wiki pages!
INFO [edu.isi.index.WikipediaIndexer.main()] [2012-11-06 05:38:52,332] (SAXWikiPageHandler->process->93): Done with 350000 category pages!
INFO [edu.isi.index.WikipediaIndexer.main()] [2012-11-06 05:41:48,949] (SAXWikiPageHandler->process->119): Done with 2850000 wiki pages!
ERROR [edu.isi.index.WikipediaIndexer.main()] [2012-11-06 05:43:03,783] (SAXWikiPageHandler->process->126): Malformed infobox for 6974580
ERROR [edu.isi.index.WikipediaIndexer.main()] [2012-11-06 05:43:49,648] (SAXWikiPageHandler->process->126): Malformed infobox for 6997523
ERROR [edu.isi.index.WikipediaIndexer.main()] [2012-11-06 05:44:16,953] (SAXWikiPageHandler->process->126): Malformed infobox for 7010291
INFO [edu.isi.index.WikipediaIndexer.main()] [2012-11-06 05:44:43,136] (SAXWikiPageHandler->process->93): Done with 360000 category pages!
ERROR [edu.isi.index.WikipediaIndexer.main()] [2012-11-06 05:46:43,309] (SAXWikiPageHandler->process->126): Malformed infobox for 7034861
ERROR [edu.isi.index.WikipediaIndexer.main()] [2012-11-06 05:47:37,656] (SAXWikiPageHandler->process->126): Malformed infobox for 7056135
ERROR [edu.isi.index.WikipediaIndexer.main()] [2012-11-06 05:47:50,904] (SAXWikiPageHandler->process->126): Malformed infobox for 7061974
INFO [edu.isi.index.WikipediaIndexer.main()] [2012-11-06 05:48:25,077] (SAXWikiPageHandler->process->119): Done with 2900000 wiki pages!
ERROR [edu.isi.index.WikipediaIndexer.main()] [2012-11-06 05:50:42,134] (SAXWikiPageHandler->process->126): Malformed infobox for 7126183
ERROR [edu.isi.index.WikipediaIndexer.main()] [2012-11-06 05:52:32,467] (SAXWikiPageHandler->process->126): Malformed infobox for 7168032
ERROR [edu.isi.index.WikipediaIndexer.main()] [2012-11-06 05:52:56,083] (SAXWikiPageHandler->process->126): Malformed infobox for 7176746
ERROR [edu.isi.index.WikipediaIndexer.main()] [2012-11-06 05:53:06,891] (SAXWikiPageHandler->process->126): Malformed infobox for 7180547
INFO [edu.isi.index.WikipediaIndexer.main()] [2012-11-06 05:53:24,049] (SAXWikiPageHandler->process->93): Done with 370000 category pages!
INFO [edu.isi.index.WikipediaIndexer.main()] [2012-11-06 05:53:43,024] (SAXWikiPageHandler->process->119): Done with 2950000 wiki pages!
ERROR [edu.isi.index.WikipediaIndexer.main()] [2012-11-06 05:54:47,873] (SAXWikiPageHandler->process->126): Malformed infobox for 7227016
ERROR [edu.isi.index.WikipediaIndexer.main()] [2012-11-06 05:55:57,318] (SAXWikiPageHandler->process->126): Malformed infobox for 7255751
ERROR [edu.isi.index.WikipediaIndexer.main()] [2012-11-06 05:56:09,803] (SAXWikiPageHandler->process->126): Malformed infobox for 7260897
INFO [edu.isi.index.WikipediaIndexer.main()] [2012-11-06 05:58:36,283] (SAXWikiPageHandler->process->119): Done with 3000000 wiki pages!
ERROR [edu.isi.index.WikipediaIndexer.main()] [2012-11-06 06:00:30,922] (SAXWikiPageHandler->process->126): Malformed infobox for 7361377
INFO [edu.isi.index.WikipediaIndexer.main()] [2012-11-06 06:00:36,101] (SAXWikiPageHandler->process->93): Done with 380000 category pages!
ERROR [edu.isi.index.WikipediaIndexer.main()] [2012-11-06 06:02:08,195] (SAXWikiPageHandler->process->126): Malformed infobox for 7395485
ERROR [edu.isi.index.WikipediaIndexer.main()] [2012-11-06 06:03:14,450] (SAXWikiPageHandler->process->126): Malformed infobox for 7418175
ERROR [edu.isi.index.WikipediaIndexer.main()] [2012-11-06 06:04:17,830] (SAXWikiPageHandler->process->126): Malformed infobox for 7442276
ERROR [edu.isi.index.WikipediaIndexer.main()] [2012-11-06 06:04:18,953] (SAXWikiPageHandler->process->126): Malformed infobox for 7442912
INFO [edu.isi.index.WikipediaIndexer.main()] [2012-11-06 06:04:32,447] (SAXWikiPageHandler->process->119): Done with 3050000 wiki pages!
ERROR [edu.isi.index.WikipediaIndexer.main()] [2012-11-06 06:05:41,182] (SAXWikiPageHandler->process->126): Malformed infobox for 7476305
INFO [edu.isi.index.WikipediaIndexer.main()] [2012-11-06 06:06:03,470] (SAXWikiPageHandler->process->93): Done with 390000 category pages!
ERROR [edu.isi.index.WikipediaIndexer.main()] [2012-11-06 06:09:32,202] (SAXWikiPageHandler->process->126): Malformed infobox for 7569806
INFO [edu.isi.index.WikipediaIndexer.main()] [2012-11-06 06:09:55,769] (SAXWikiPageHandler->process->119): Done with 3100000 wiki pages!
ERROR [edu.isi.index.WikipediaIndexer.main()] [2012-11-06 06:11:05,704] (SAXWikiPageHandler->process->126): Malformed infobox for 7609954
ERROR [edu.isi.index.WikipediaIndexer.main()] [2012-11-06 06:11:15,154] (SAXWikiPageHandler->process->126): Malformed infobox for 7613431
INFO [edu.isi.index.WikipediaIndexer.main()] [2012-11-06 06:12:28,704] (SAXWikiPageHandler->process->93): Done with 400000 category pages!
ERROR [edu.isi.index.WikipediaIndexer.main()] [2012-11-06 06:14:03,612] (SAXWikiPageHandler->process->126): Malformed infobox for 7688753
INFO [edu.isi.index.WikipediaIndexer.main()] [2012-11-06 06:15:49,456] (SAXWikiPageHandler->process->119): Done with 3150000 wiki pages!
ERROR [edu.isi.index.WikipediaIndexer.main()] [2012-11-06 06:16:38,514] (SAXWikiPageHandler->process->126): Malformed infobox for 7749113
ERROR [edu.isi.index.WikipediaIndexer.main()] [2012-11-06 06:16:50,425] (SAXWikiPageHandler->process->126): Malformed infobox for 7753319
ERROR [edu.isi.index.WikipediaIndexer.main()] [2012-11-06 06:17:15,507] (SAXWikiPageHandler->process->126): Malformed infobox for 7768676
INFO [edu.isi.index.WikipediaIndexer.main()] [2012-11-06 06:18:25,349] (SAXWikiPageHandler->process->93): Done with 410000 category pages!
ERROR [edu.isi.index.WikipediaIndexer.main()] [2012-11-06 06:19:27,910] (SAXWikiPageHandler->process->126): Malformed infobox for 7826864
ERROR [edu.isi.index.WikipediaIndexer.main()] [2012-11-06 06:19:39,406] (SAXWikiPageHandler->process->126): Malformed infobox for 7831180
ERROR [edu.isi.index.WikipediaIndexer.main()] [2012-11-06 06:20:17,377] (SAXWikiPageHandler->process->126): Malformed infobox for 7843213
ERROR [edu.isi.index.WikipediaIndexer.main()] [2012-11-06 06:21:00,783] (SAXWikiPageHandler->process->126): Malformed infobox for 7858788
ERROR [edu.isi.index.WikipediaIndexer.main()] [2012-11-06 06:21:00,942] (SAXWikiPageHandler->process->126): Malformed infobox for 7858858
INFO [edu.isi.index.WikipediaIndexer.main()] [2012-11-06 06:21:27,198] (SAXWikiPageHandler->process->119): Done with 3200000 wiki pages!
ERROR [edu.isi.index.WikipediaIndexer.main()] [2012-11-06 06:21:59,982] (SAXWikiPageHandler->process->126): Malformed infobox for 7880500
ERROR [edu.isi.index.WikipediaIndexer.main()] [2012-11-06 06:22:20,695] (SAXWikiPageHandler->process->126): Malformed infobox for 7889007
ERROR [edu.isi.index.WikipediaIndexer.main()] [2012-11-06 06:24:21,189] (SAXWikiPageHandler->process->126): Malformed infobox for 7934361
ERROR [edu.isi.index.WikipediaIndexer.main()] [2012-11-06 06:25:20,009] (SAXWikiPageHandler->process->126): Malformed infobox for 7957395
ERROR [edu.isi.index.WikipediaIndexer.main()] [2012-11-06 06:25:20,214] (SAXWikiPageHandler->process->126): Malformed infobox for 7957396
INFO [edu.isi.index.WikipediaIndexer.main()] [2012-11-06 06:25:28,691] (SAXWikiPageHandler->process->93): Done with 420000 category pages!
ERROR [edu.isi.index.WikipediaIndexer.main()] [2012-11-06 06:26:06,295] (SAXWikiPageHandler->process->126): Malformed infobox for 7974640
ERROR [edu.isi.index.WikipediaIndexer.main()] [2012-11-06 06:27:31,762] (SAXWikiPageHandler->process->126): Malformed infobox for 7994862
INFO [edu.isi.index.WikipediaIndexer.main()] [2012-11-06 06:27:42,814] (SAXWikiPageHandler->process->119): Done with 3250000 wiki pages!
ERROR [edu.isi.index.WikipediaIndexer.main()] [2012-11-06 06:29:49,259] (SAXWikiPageHandler->process->126): Malformed infobox for 8071516
ERROR [edu.isi.index.WikipediaIndexer.main()] [2012-11-06 06:31:42,840] (SAXWikiPageHandler->process->126): Malformed infobox for 8125318
ERROR [edu.isi.index.WikipediaIndexer.main()] [2012-11-06 06:32:38,862] (SAXWikiPageHandler->process->126): Malformed infobox for 8146881
INFO [edu.isi.index.WikipediaIndexer.main()] [2012-11-06 06:33:14,761] (SAXWikiPageHandler->process->93): Done with 430000 category pages!
INFO [edu.isi.index.WikipediaIndexer.main()] [2012-11-06 06:33:31,740] (SAXWikiPageHandler->process->119): Done with 3300000 wiki pages!
ERROR [edu.isi.index.WikipediaIndexer.main()] [2012-11-06 06:35:30,953] (SAXWikiPageHandler->process->126): Malformed infobox for 8219169
ERROR [edu.isi.index.WikipediaIndexer.main()] [2012-11-06 06:35:47,470] (SAXWikiPageHandler->process->126): Malformed infobox for 8224734
INFO [edu.isi.index.WikipediaIndexer.main()] [2012-11-06 06:39:11,182] (SAXWikiPageHandler->process->93): Done with 440000 category pages!
INFO [edu.isi.index.WikipediaIndexer.main()] [2012-11-06 06:39:45,421] (SAXWikiPageHandler->process->119): Done with 3350000 wiki pages!
ERROR [edu.isi.index.WikipediaIndexer.main()] [2012-11-06 06:40:02,085] (SAXWikiPageHandler->process->126): Malformed infobox for 8306638
ERROR [edu.isi.index.WikipediaIndexer.main()] [2012-11-06 06:41:39,152] (SAXWikiPageHandler->process->126): Malformed infobox for 8343733
INFO [edu.isi.index.WikipediaIndexer.main()] [2012-11-06 06:46:00,025] (SAXWikiPageHandler->process->93): Done with 450000 category pages!
INFO [edu.isi.index.WikipediaIndexer.main()] [2012-11-06 06:46:13,769] (SAXWikiPageHandler->process->119): Done with 3400000 wiki pages!
ERROR [edu.isi.index.WikipediaIndexer.main()] [2012-11-06 06:48:38,476] (SAXWikiPageHandler->process->126): Malformed infobox for 8486272
ERROR [edu.isi.index.WikipediaIndexer.main()] [2012-11-06 06:48:54,984] (SAXWikiPageHandler->process->126): Malformed infobox for 8493156
ERROR [edu.isi.index.WikipediaIndexer.main()] [2012-11-06 06:48:55,023] (SAXWikiPageHandler->process->126): Malformed infobox for 8493173
ERROR [edu.isi.index.WikipediaIndexer.main()] [2012-11-06 06:49:17,319] (SAXWikiPageHandler->process->126): Malformed infobox for 8503156
INFO [edu.isi.index.WikipediaIndexer.main()] [2012-11-06 06:50:31,834] (SAXWikiPageHandler->process->93): Done with 460000 category pages!
INFO [edu.isi.index.WikipediaIndexer.main()] [2012-11-06 06:51:41,102] (SAXWikiPageHandler->process->119): Done with 3450000 wiki pages!
ERROR [edu.isi.index.WikipediaIndexer.main()] [2012-11-06 06:52:57,743] (SAXWikiPageHandler->process->126): Malformed infobox for 8563552
ERROR [edu.isi.index.WikipediaIndexer.main()] [2012-11-06 06:56:25,308] (SAXWikiPageHandler->process->126): Malformed infobox for 8634724
INFO [edu.isi.index.WikipediaIndexer.main()] [2012-11-06 06:56:42,545] (SAXWikiPageHandler->process->93): Done with 470000 category pages!
ERROR [edu.isi.index.WikipediaIndexer.main()] [2012-11-06 06:58:26,300] (SAXWikiPageHandler->process->126): Malformed infobox for 8674168
ERROR [edu.isi.index.WikipediaIndexer.main()] [2012-11-06 06:58:32,477] (SAXWikiPageHandler->process->126): Malformed infobox for 8676393
INFO [edu.isi.index.WikipediaIndexer.main()] [2012-11-06 06:59:19,339] (SAXWikiPageHandler->process->119): Done with 3500000 wiki pages!
ERROR [edu.isi.index.WikipediaIndexer.main()] [2012-11-06 06:59:38,997] (SAXWikiPageHandler->process->126): Malformed infobox for 8699588
ERROR [edu.isi.index.WikipediaIndexer.main()] [2012-11-06 07:02:08,622] (SAXWikiPageHandler->process->126): Malformed infobox for 8752021
INFO [edu.isi.index.WikipediaIndexer.main()] [2012-11-06 07:02:21,848] (SAXWikiPageHandler->process->93): Done with 480000 category pages!
INFO [edu.isi.index.WikipediaIndexer.main()] [2012-11-06 07:05:18,002] (SAXWikiPageHandler->process->119): Done with 3550000 wiki pages!
ERROR [edu.isi.index.WikipediaIndexer.main()] [2012-11-06 07:06:01,987] (SAXWikiPageHandler->process->126): Malformed infobox for 8846525
ERROR [edu.isi.index.WikipediaIndexer.main()] [2012-11-06 07:07:35,893] (SAXWikiPageHandler->process->126): Malformed infobox for 8884522
ERROR [edu.isi.index.WikipediaIndexer.main()] [2012-11-06 07:08:14,197] (SAXWikiPageHandler->process->126): Malformed infobox for 8898666
INFO [edu.isi.index.WikipediaIndexer.main()] [2012-11-06 07:08:20,067] (SAXWikiPageHandler->process->93): Done with 490000 category pages!
INFO [edu.isi.index.WikipediaIndexer.main()] [2012-11-06 07:11:26,350] (SAXWikiPageHandler->process->119): Done with 3600000 wiki pages!
ERROR [edu.isi.index.WikipediaIndexer.main()] [2012-11-06 07:13:42,028] (SAXWikiPageHandler->process->126): Malformed infobox for 9019291
INFO [edu.isi.index.WikipediaIndexer.main()] [2012-11-06 07:14:19,369] (SAXWikiPageHandler->process->93): Done with 500000 category pages!
ERROR [edu.isi.index.WikipediaIndexer.main()] [2012-11-06 07:14:47,888] (SAXWikiPageHandler->process->126): Malformed infobox for 9041241
ERROR [edu.isi.index.WikipediaIndexer.main()] [2012-11-06 07:15:49,833] (SAXWikiPageHandler->process->126): Malformed infobox for 9064477
INFO [edu.isi.index.WikipediaIndexer.main()] [2012-11-06 07:17:10,572] (SAXWikiPageHandler->process->119): Done with 3650000 wiki pages!
INFO [edu.isi.index.WikipediaIndexer.main()] [2012-11-06 07:19:14,697] (SAXWikiPageHandler->process->93): Done with 510000 category pages!
ERROR [edu.isi.index.WikipediaIndexer.main()] [2012-11-06 07:19:53,914] (SAXWikiPageHandler->process->126): Malformed infobox for 9150147
ERROR [edu.isi.index.WikipediaIndexer.main()] [2012-11-06 07:20:21,510] (SAXWikiPageHandler->process->126): Malformed infobox for 9159278
ERROR [edu.isi.index.WikipediaIndexer.main()] [2012-11-06 07:20:35,113] (SAXWikiPageHandler->process->126): Malformed infobox for 9164525
ERROR [edu.isi.index.WikipediaIndexer.main()] [2012-11-06 07:21:03,090] (SAXWikiPageHandler->process->126): Malformed infobox for 9175726
ERROR [edu.isi.index.WikipediaIndexer.main()] [2012-11-06 07:21:50,037] (SAXWikiPageHandler->process->126): Malformed infobox for 9196116
INFO [edu.isi.index.WikipediaIndexer.main()] [2012-11-06 07:23:56,728] (SAXWikiPageHandler->process->119): Done with 3700000 wiki pages!
ERROR [edu.isi.index.WikipediaIndexer.main()] [2012-11-06 07:24:03,495] (SAXWikiPageHandler->process->126): Malformed infobox for 9229240
ERROR [edu.isi.index.WikipediaIndexer.main()] [2012-11-06 07:24:07,064] (SAXWikiPageHandler->process->126): Malformed infobox for 9230888
INFO [edu.isi.index.WikipediaIndexer.main()] [2012-11-06 07:25:12,200] (SAXWikiPageHandler->process->93): Done with 520000 category pages!
ERROR [edu.isi.index.WikipediaIndexer.main()] [2012-11-06 07:26:38,659] (SAXWikiPageHandler->process->126): Malformed infobox for 9306625
ERROR [edu.isi.index.WikipediaIndexer.main()] [2012-11-06 07:26:43,541] (SAXWikiPageHandler->process->126): Malformed infobox for 9308581
ERROR [edu.isi.index.WikipediaIndexer.main()] [2012-11-06 07:28:11,492] (SAXWikiPageHandler->process->126): Malformed infobox for 9333434
INFO [edu.isi.index.WikipediaIndexer.main()] [2012-11-06 07:30:20,540] (SAXWikiPageHandler->process->119): Done with 3750000 wiki pages!
INFO [edu.isi.index.WikipediaIndexer.main()] [2012-11-06 07:31:50,916] (SAXWikiPageHandler->process->93): Done with 530000 category pages!
ERROR [edu.isi.index.WikipediaIndexer.main()] [2012-11-06 07:33:47,004] (SAXWikiPageHandler->process->126): Malformed infobox for 9425895
ERROR [edu.isi.index.WikipediaIndexer.main()] [2012-11-06 07:35:31,332] (SAXWikiPageHandler->process->126): Malformed infobox for 9478606
INFO [edu.isi.index.WikipediaIndexer.main()] [2012-11-06 07:36:24,112] (SAXWikiPageHandler->process->93): Done with 540000 category pages!
INFO [edu.isi.index.WikipediaIndexer.main()] [2012-11-06 07:37:30,031] (SAXWikiPageHandler->process->119): Done with 3800000 wiki pages!
ERROR [edu.isi.index.WikipediaIndexer.main()] [2012-11-06 07:41:30,324] (SAXWikiPageHandler->process->126): Malformed infobox for 9621055
INFO [edu.isi.index.WikipediaIndexer.main()] [2012-11-06 07:41:40,052] (SAXWikiPageHandler->process->93): Done with 550000 category pages!
INFO [edu.isi.index.WikipediaIndexer.main()] [2012-11-06 07:43:03,330] (SAXWikiPageHandler->process->119): Done with 3850000 wiki pages!
INFO [edu.isi.index.WikipediaIndexer.main()] [2012-11-06 07:45:17,163] (SAXWikiPageHandler->process->93): Done with 560000 category pages!
ERROR [edu.isi.index.WikipediaIndexer.main()] [2012-11-06 07:45:45,607] (SAXWikiPageHandler->process->126): Malformed infobox for 9719571
ERROR [edu.isi.index.WikipediaIndexer.main()] [2012-11-06 07:46:36,419] (SAXWikiPageHandler->process->126): Malformed infobox for 9739357
ERROR [edu.isi.index.WikipediaIndexer.main()] [2012-11-06 07:46:51,741] (SAXWikiPageHandler->process->126): Malformed infobox for 9745307
ERROR [edu.isi.index.WikipediaIndexer.main()] [2012-11-06 07:48:14,460] (SAXWikiPageHandler->process->126): Malformed infobox for 9801184
INFO [edu.isi.index.WikipediaIndexer.main()] [2012-11-06 07:48:42,050] (SAXWikiPageHandler->process->119): Done with 3900000 wiki pages!
INFO [edu.isi.index.WikipediaIndexer.main()] [2012-11-06 07:49:19,669] (SAXWikiPageHandler->process->93): Done with 570000 category pages!
ERROR [edu.isi.index.WikipediaIndexer.main()] [2012-11-06 07:52:17,845] (SAXWikiPageHandler->process->126): Malformed infobox for 9943132
ERROR [edu.isi.index.WikipediaIndexer.main()] [2012-11-06 07:52:26,545] (SAXWikiPageHandler->process->126): Malformed infobox for 9947146
INFO [edu.isi.index.WikipediaIndexer.main()] [2012-11-06 07:53:23,322] (SAXWikiPageHandler->process->93): Done with 580000 category pages!
ERROR [edu.isi.index.WikipediaIndexer.main()] [2012-11-06 07:53:47,167] (SAXWikiPageHandler->process->126): Malformed infobox for 9983510
INFO [edu.isi.index.WikipediaIndexer.main()] [2012-11-06 07:54:12,424] (SAXWikiPageHandler->process->119): Done with 3950000 wiki pages!
ERROR [edu.isi.index.WikipediaIndexer.main()] [2012-11-06 07:55:19,364] (SAXWikiPageHandler->process->126): Malformed infobox for 10016568
ERROR [edu.isi.index.WikipediaIndexer.main()] [2012-11-06 07:55:32,040] (SAXWikiPageHandler->process->126): Malformed infobox for 10020792
ERROR [edu.isi.index.WikipediaIndexer.main()] [2012-11-06 07:56:33,489] (SAXWikiPageHandler->process->126): Malformed infobox for 10042711
INFO [edu.isi.index.WikipediaIndexer.main()] [2012-11-06 07:57:29,420] (SAXWikiPageHandler->process->93): Done with 590000 category pages!
ERROR [edu.isi.index.WikipediaIndexer.main()] [2012-11-06 07:58:25,059] (SAXWikiPageHandler->process->126): Malformed infobox for 10093208
INFO [edu.isi.index.WikipediaIndexer.main()] [2012-11-06 07:59:32,538] (SAXWikiPageHandler->process->119): Done with 4000000 wiki pages!
ERROR [edu.isi.index.WikipediaIndexer.main()] [2012-11-06 08:00:33,899] (SAXWikiPageHandler->process->126): Malformed infobox for 10149938
INFO [edu.isi.index.WikipediaIndexer.main()] [2012-11-06 08:01:47,883] (SAXWikiPageHandler->process->93): Done with 600000 category pages!
ERROR [edu.isi.index.WikipediaIndexer.main()] [2012-11-06 08:04:09,532] (SAXWikiPageHandler->process->126): Malformed infobox for 10287082
ERROR [edu.isi.index.WikipediaIndexer.main()] [2012-11-06 08:04:57,836] (SAXWikiPageHandler->process->126): Malformed infobox for 10331251
INFO [edu.isi.index.WikipediaIndexer.main()] [2012-11-06 08:05:11,429] (SAXWikiPageHandler->process->119): Done with 4050000 wiki pages!
INFO [edu.isi.index.WikipediaIndexer.main()] [2012-11-06 08:05:50,911] (SAXWikiPageHandler->process->93): Done with 610000 category pages!
ERROR [edu.isi.index.WikipediaIndexer.main()] [2012-11-06 08:06:03,935] (SAXWikiPageHandler->process->126): Malformed infobox for 10357637
INFO [edu.isi.index.WikipediaIndexer.main()] [2012-11-06 08:09:37,057] (SAXWikiPageHandler->process->93): Done with 620000 category pages!
INFO [edu.isi.index.WikipediaIndexer.main()] [2012-11-06 08:10:14,914] (SAXWikiPageHandler->process->119): Done with 4100000 wiki pages!
ERROR [edu.isi.index.WikipediaIndexer.main()] [2012-11-06 08:10:40,837] (SAXWikiPageHandler->process->126): Malformed infobox for 10467862
ERROR [edu.isi.index.WikipediaIndexer.main()] [2012-11-06 08:11:01,397] (SAXWikiPageHandler->process->126): Malformed infobox for 10476215
ERROR [edu.isi.index.WikipediaIndexer.main()] [2012-11-06 08:11:51,723] (SAXWikiPageHandler->process->126): Malformed infobox for 10493450
ERROR [edu.isi.index.WikipediaIndexer.main()] [2012-11-06 08:12:21,786] (SAXWikiPageHandler->process->126): Malformed infobox for 10504306
INFO [edu.isi.index.WikipediaIndexer.main()] [2012-11-06 08:13:35,529] (SAXWikiPageHandler->process->93): Done with 630000 category pages!
ERROR [edu.isi.index.WikipediaIndexer.main()] [2012-11-06 08:14:17,052] (SAXWikiPageHandler->process->126): Malformed infobox for 10544872
INFO [edu.isi.index.WikipediaIndexer.main()] [2012-11-06 08:16:00,105] (SAXWikiPageHandler->process->119): Done with 4150000 wiki pages!
ERROR [edu.isi.index.WikipediaIndexer.main()] [2012-11-06 08:16:32,723] (SAXWikiPageHandler->process->126): Malformed infobox for 10592411
ERROR [edu.isi.index.WikipediaIndexer.main()] [2012-11-06 08:17:27,371] (SAXWikiPageHandler->process->126): Malformed infobox for 10608124
ERROR [edu.isi.index.WikipediaIndexer.main()] [2012-11-06 08:17:39,055] (SAXWikiPageHandler->process->126): Malformed infobox for 10612525
ERROR [edu.isi.index.WikipediaIndexer.main()] [2012-11-06 08:17:42,755] (SAXWikiPageHandler->process->126): Malformed infobox for 10613999
ERROR [edu.isi.index.WikipediaIndexer.main()] [2012-11-06 08:17:57,759] (SAXWikiPageHandler->process->126): Malformed infobox for 10619287
INFO [edu.isi.index.WikipediaIndexer.main()] [2012-11-06 08:18:07,718] (SAXWikiPageHandler->process->93): Done with 640000 category pages!
ERROR [edu.isi.index.WikipediaIndexer.main()] [2012-11-06 08:20:50,193] (SAXWikiPageHandler->process->126): Malformed infobox for 10685104
INFO [edu.isi.index.WikipediaIndexer.main()] [2012-11-06 08:21:46,050] (SAXWikiPageHandler->process->93): Done with 650000 category pages!
INFO [edu.isi.index.WikipediaIndexer.main()] [2012-11-06 08:21:55,075] (SAXWikiPageHandler->process->119): Done with 4200000 wiki pages!
ERROR [edu.isi.index.WikipediaIndexer.main()] [2012-11-06 08:23:47,877] (SAXWikiPageHandler->process->126): Malformed infobox for 10752619
ERROR [edu.isi.index.WikipediaIndexer.main()] [2012-11-06 08:24:26,928] (SAXWikiPageHandler->process->126): Malformed infobox for 10770783
ERROR [edu.isi.index.WikipediaIndexer.main()] [2012-11-06 08:25:11,221] (SAXWikiPageHandler->process->126): Malformed infobox for 10798825
INFO [edu.isi.index.WikipediaIndexer.main()] [2012-11-06 08:25:16,190] (SAXWikiPageHandler->process->93): Done with 660000 category pages!
ERROR [edu.isi.index.WikipediaIndexer.main()] [2012-11-06 08:25:34,775] (SAXWikiPageHandler->process->126): Malformed infobox for 10807375
ERROR [edu.isi.index.WikipediaIndexer.main()] [2012-11-06 08:27:12,519] (SAXWikiPageHandler->process->126): Malformed infobox for 10834452
INFO [edu.isi.index.WikipediaIndexer.main()] [2012-11-06 08:27:29,358] (SAXWikiPageHandler->process->119): Done with 4250000 wiki pages!
ERROR [edu.isi.index.WikipediaIndexer.main()] [2012-11-06 08:28:33,052] (SAXWikiPageHandler->process->126): Malformed infobox for 10862779
INFO [edu.isi.index.WikipediaIndexer.main()] [2012-11-06 08:29:57,146] (SAXWikiPageHandler->process->93): Done with 670000 category pages!
ERROR [edu.isi.index.WikipediaIndexer.main()] [2012-11-06 08:31:25,170] (SAXWikiPageHandler->process->126): Malformed infobox for 10923966
INFO [edu.isi.index.WikipediaIndexer.main()] [2012-11-06 08:33:01,720] (SAXWikiPageHandler->process->119): Done with 4300000 wiki pages!
ERROR [edu.isi.index.WikipediaIndexer.main()] [2012-11-06 08:34:12,130] (SAXWikiPageHandler->process->126): Malformed infobox for 10982889
INFO [edu.isi.index.WikipediaIndexer.main()] [2012-11-06 08:34:35,131] (SAXWikiPageHandler->process->93): Done with 680000 category pages!
ERROR [edu.isi.index.WikipediaIndexer.main()] [2012-11-06 08:34:42,618] (SAXWikiPageHandler->process->126): Malformed infobox for 10994169
ERROR [edu.isi.index.WikipediaIndexer.main()] [2012-11-06 08:35:01,262] (SAXWikiPageHandler->process->126): Malformed infobox for 11001463
ERROR [edu.isi.index.WikipediaIndexer.main()] [2012-11-06 08:35:30,539] (SAXWikiPageHandler->process->126): Malformed infobox for 11013169
ERROR [edu.isi.index.WikipediaIndexer.main()] [2012-11-06 08:36:33,456] (SAXWikiPageHandler->process->126): Malformed infobox for 11039418
INFO [edu.isi.index.WikipediaIndexer.main()] [2012-11-06 08:37:43,145] (SAXWikiPageHandler->process->93): Done with 690000 category pages!
ERROR [edu.isi.index.WikipediaIndexer.main()] [2012-11-06 08:37:59,557] (SAXWikiPageHandler->process->126): Malformed infobox for 11077626
ERROR [edu.isi.index.WikipediaIndexer.main()] [2012-11-06 08:38:21,265] (SAXWikiPageHandler->process->126): Malformed infobox for 11086129
INFO [edu.isi.index.WikipediaIndexer.main()] [2012-11-06 08:38:32,412] (SAXWikiPageHandler->process->119): Done with 4350000 wiki pages!
ERROR [edu.isi.index.WikipediaIndexer.main()] [2012-11-06 08:40:07,413] (SAXWikiPageHandler->process->126): Malformed infobox for 11126026
ERROR [edu.isi.index.WikipediaIndexer.main()] [2012-11-06 08:40:07,684] (SAXWikiPageHandler->process->126): Malformed infobox for 11126121
ERROR [edu.isi.index.WikipediaIndexer.main()] [2012-11-06 08:40:08,307] (SAXWikiPageHandler->process->126): Malformed infobox for 11126214
INFO [edu.isi.index.WikipediaIndexer.main()] [2012-11-06 08:40:48,479] (SAXWikiPageHandler->process->93): Done with 700000 category pages!
ERROR [edu.isi.index.WikipediaIndexer.main()] [2012-11-06 08:43:05,787] (SAXWikiPageHandler->process->126): Malformed infobox for 11190618
INFO [edu.isi.index.WikipediaIndexer.main()] [2012-11-06 08:43:30,566] (SAXWikiPageHandler->process->93): Done with 710000 category pages!
INFO [edu.isi.index.WikipediaIndexer.main()] [2012-11-06 08:44:09,219] (SAXWikiPageHandler->process->119): Done with 4400000 wiki pages!
ERROR [edu.isi.index.WikipediaIndexer.main()] [2012-11-06 08:45:29,001] (SAXWikiPageHandler->process->126): Malformed infobox for 11240855
ERROR [edu.isi.index.WikipediaIndexer.main()] [2012-11-06 08:46:00,410] (SAXWikiPageHandler->process->126): Malformed infobox for 11250037
ERROR [edu.isi.index.WikipediaIndexer.main()] [2012-11-06 08:46:30,607] (SAXWikiPageHandler->process->126): Malformed infobox for 11261515
ERROR [edu.isi.index.WikipediaIndexer.main()] [2012-11-06 08:46:37,770] (SAXWikiPageHandler->process->126): Malformed infobox for 11264469
INFO [edu.isi.index.WikipediaIndexer.main()] [2012-11-06 08:46:47,989] (SAXWikiPageHandler->process->93): Done with 720000 category pages!
ERROR [edu.isi.index.WikipediaIndexer.main()] [2012-11-06 08:48:59,440] (SAXWikiPageHandler->process->126): Malformed infobox for 11317540
ERROR [edu.isi.index.WikipediaIndexer.main()] [2012-11-06 08:49:37,534] (SAXWikiPageHandler->process->126): Malformed infobox for 11334430
INFO [edu.isi.index.WikipediaIndexer.main()] [2012-11-06 08:49:57,723] (SAXWikiPageHandler->process->93): Done with 730000 category pages!
INFO [edu.isi.index.WikipediaIndexer.main()] [2012-11-06 08:50:13,086] (SAXWikiPageHandler->process->119): Done with 4450000 wiki pages!
ERROR [edu.isi.index.WikipediaIndexer.main()] [2012-11-06 08:51:27,969] (SAXWikiPageHandler->process->126): Malformed infobox for 11380006
INFO [edu.isi.index.WikipediaIndexer.main()] [2012-11-06 08:53:09,338] (SAXWikiPageHandler->process->93): Done with 740000 category pages!
ERROR [edu.isi.index.WikipediaIndexer.main()] [2012-11-06 08:53:28,293] (SAXWikiPageHandler->process->126): Malformed infobox for 11427545
ERROR [edu.isi.index.WikipediaIndexer.main()] [2012-11-06 08:53:46,344] (SAXWikiPageHandler->process->126): Malformed infobox for 11434833
ERROR [edu.isi.index.WikipediaIndexer.main()] [2012-11-06 08:54:15,086] (SAXWikiPageHandler->process->126): Malformed infobox for 11447391
ERROR [edu.isi.index.WikipediaIndexer.main()] [2012-11-06 08:54:26,494] (SAXWikiPageHandler->process->126): Malformed infobox for 11452019
ERROR [edu.isi.index.WikipediaIndexer.main()] [2012-11-06 08:55:21,375] (SAXWikiPageHandler->process->126): Malformed infobox for 11472834
INFO [edu.isi.index.WikipediaIndexer.main()] [2012-11-06 08:55:39,459] (SAXWikiPageHandler->process->119): Done with 4500000 wiki pages!
ERROR [edu.isi.index.WikipediaIndexer.main()] [2012-11-06 08:55:41,125] (SAXWikiPageHandler->process->126): Malformed infobox for 11481060
INFO [edu.isi.index.WikipediaIndexer.main()] [2012-11-06 08:56:00,756] (SAXWikiPageHandler->process->93): Done with 750000 category pages!
ERROR [edu.isi.index.WikipediaIndexer.main()] [2012-11-06 08:58:06,343] (SAXWikiPageHandler->process->126): Malformed infobox for 11541336
ERROR [edu.isi.index.WikipediaIndexer.main()] [2012-11-06 08:59:11,261] (SAXWikiPageHandler->process->126): Malformed infobox for 11568080
INFO [edu.isi.index.WikipediaIndexer.main()] [2012-11-06 08:59:13,979] (SAXWikiPageHandler->process->93): Done with 760000 category pages!
ERROR [edu.isi.index.WikipediaIndexer.main()] [2012-11-06 08:59:35,242] (SAXWikiPageHandler->process->126): Malformed infobox for 11577351
ERROR [edu.isi.index.WikipediaIndexer.main()] [2012-11-06 08:59:40,737] (SAXWikiPageHandler->process->126): Malformed infobox for 11579400
INFO [edu.isi.index.WikipediaIndexer.main()] [2012-11-06 09:01:05,542] (SAXWikiPageHandler->process->119): Done with 4550000 wiki pages!
ERROR [edu.isi.index.WikipediaIndexer.main()] [2012-11-06 09:01:16,354] (SAXWikiPageHandler->process->126): Malformed infobox for 11616452
ERROR [edu.isi.index.WikipediaIndexer.main()] [2012-11-06 09:01:40,009] (SAXWikiPageHandler->process->126): Malformed infobox for 11626416
ERROR [edu.isi.index.WikipediaIndexer.main()] [2012-11-06 09:01:46,350] (SAXWikiPageHandler->process->126): Malformed infobox for 11629517
ERROR [edu.isi.index.WikipediaIndexer.main()] [2012-11-06 09:02:22,092] (SAXWikiPageHandler->process->126): Malformed infobox for 11641811
INFO [edu.isi.index.WikipediaIndexer.main()] [2012-11-06 09:02:28,448] (SAXWikiPageHandler->process->93): Done with 770000 category pages!
ERROR [edu.isi.index.WikipediaIndexer.main()] [2012-11-06 09:03:50,427] (SAXWikiPageHandler->process->126): Malformed infobox for 11676742
INFO [edu.isi.index.WikipediaIndexer.main()] [2012-11-06 09:05:14,592] (SAXWikiPageHandler->process->93): Done with 780000 category pages!
ERROR [edu.isi.index.WikipediaIndexer.main()] [2012-11-06 09:05:27,176] (SAXWikiPageHandler->process->126): Malformed infobox for 11715572
ERROR [edu.isi.index.WikipediaIndexer.main()] [2012-11-06 09:05:33,352] (SAXWikiPageHandler->process->126): Malformed infobox for 11718317
ERROR [edu.isi.index.WikipediaIndexer.main()] [2012-11-06 09:06:19,476] (SAXWikiPageHandler->process->126): Malformed infobox for 11737001
INFO [edu.isi.index.WikipediaIndexer.main()] [2012-11-06 09:06:23,781] (SAXWikiPageHandler->process->119): Done with 4600000 wiki pages!
ERROR [edu.isi.index.WikipediaIndexer.main()] [2012-11-06 09:06:37,195] (SAXWikiPageHandler->process->126): Malformed infobox for 11744838
ERROR [edu.isi.index.WikipediaIndexer.main()] [2012-11-06 09:06:38,892] (SAXWikiPageHandler->process->126): Malformed infobox for 11745196
ERROR [edu.isi.index.WikipediaIndexer.main()] [2012-11-06 09:07:11,410] (SAXWikiPageHandler->process->126): Malformed infobox for 11756897
ERROR [edu.isi.index.WikipediaIndexer.main()] [2012-11-06 09:08:01,080] (SAXWikiPageHandler->process->126): Malformed infobox for 11776398
INFO [edu.isi.index.WikipediaIndexer.main()] [2012-11-06 09:08:36,262] (SAXWikiPageHandler->process->93): Done with 790000 category pages!
INFO [edu.isi.index.WikipediaIndexer.main()] [2012-11-06 09:11:45,171] (SAXWikiPageHandler->process->119): Done with 4650000 wiki pages!
INFO [edu.isi.index.WikipediaIndexer.main()] [2012-11-06 09:12:17,160] (SAXWikiPageHandler->process->93): Done with 800000 category pages!
ERROR [edu.isi.index.WikipediaIndexer.main()] [2012-11-06 09:12:49,613] (SAXWikiPageHandler->process->126): Malformed infobox for 11894669
ERROR [edu.isi.index.WikipediaIndexer.main()] [2012-11-06 09:17:04,149] (SAXWikiPageHandler->process->126): Malformed infobox for 11984694
INFO [edu.isi.index.WikipediaIndexer.main()] [2012-11-06 09:17:53,011] (SAXWikiPageHandler->process->93): Done with 810000 category pages!
INFO [edu.isi.index.WikipediaIndexer.main()] [2012-11-06 09:18:36,251] (SAXWikiPageHandler->process->119): Done with 4700000 wiki pages!
ERROR [edu.isi.index.WikipediaIndexer.main()] [2012-11-06 09:19:32,033] (SAXWikiPageHandler->process->126): Malformed infobox for 12035213
ERROR [edu.isi.index.WikipediaIndexer.main()] [2012-11-06 09:19:46,427] (SAXWikiPageHandler->process->126): Malformed infobox for 12041107
ERROR [edu.isi.index.WikipediaIndexer.main()] [2012-11-06 09:20:14,473] (SAXWikiPageHandler->process->126): Malformed infobox for 12052551
INFO [edu.isi.index.WikipediaIndexer.main()] [2012-11-06 09:20:16,321] (SAXWikiPageHandler->process->93): Done with 820000 category pages!
ERROR [edu.isi.index.WikipediaIndexer.main()] [2012-11-06 09:20:43,376] (SAXWikiPageHandler->process->126): Malformed infobox for 12066447
ERROR [edu.isi.index.WikipediaIndexer.main()] [2012-11-06 09:21:23,859] (SAXWikiPageHandler->process->126): Malformed infobox for 12081234
INFO [edu.isi.index.WikipediaIndexer.main()] [2012-11-06 09:21:57,551] (SAXWikiPageHandler->process->93): Done with 830000 category pages!
ERROR [edu.isi.index.WikipediaIndexer.main()] [2012-11-06 09:22:24,467] (SAXWikiPageHandler->process->126): Malformed infobox for 12105026
ERROR [edu.isi.index.WikipediaIndexer.main()] [2012-11-06 09:23:51,725] (SAXWikiPageHandler->process->126): Malformed infobox for 12139626
ERROR [edu.isi.index.WikipediaIndexer.main()] [2012-11-06 09:24:08,601] (SAXWikiPageHandler->process->126): Malformed infobox for 12145927
INFO [edu.isi.index.WikipediaIndexer.main()] [2012-11-06 09:24:10,091] (SAXWikiPageHandler->process->119): Done with 4750000 wiki pages!
ERROR [edu.isi.index.WikipediaIndexer.main()] [2012-11-06 09:24:16,301] (SAXWikiPageHandler->process->126): Malformed infobox for 12148737
ERROR [edu.isi.index.WikipediaIndexer.main()] [2012-11-06 09:24:19,728] (SAXWikiPageHandler->process->126): Malformed infobox for 12149960
ERROR [edu.isi.index.WikipediaIndexer.main()] [2012-11-06 09:24:31,923] (SAXWikiPageHandler->process->126): Malformed infobox for 12155956
ERROR [edu.isi.index.WikipediaIndexer.main()] [2012-11-06 09:25:46,201] (SAXWikiPageHandler->process->126): Malformed infobox for 12176937
ERROR [edu.isi.index.WikipediaIndexer.main()] [2012-11-06 09:26:03,922] (SAXWikiPageHandler->process->126): Malformed infobox for 12179325
INFO [edu.isi.index.WikipediaIndexer.main()] [2012-11-06 09:26:20,246] (SAXWikiPageHandler->process->93): Done with 840000 category pages!
ERROR [edu.isi.index.WikipediaIndexer.main()] [2012-11-06 09:26:27,262] (SAXWikiPageHandler->process->126): Malformed infobox for 12187477
ERROR [edu.isi.index.WikipediaIndexer.main()] [2012-11-06 09:29:18,854] (SAXWikiPageHandler->process->126): Malformed infobox for 12252169
ERROR [edu.isi.index.WikipediaIndexer.main()] [2012-11-06 09:30:19,771] (SAXWikiPageHandler->process->126): Malformed infobox for 12269381
INFO [edu.isi.index.WikipediaIndexer.main()] [2012-11-06 09:30:23,748] (SAXWikiPageHandler->process->119): Done with 4800000 wiki pages!
INFO [edu.isi.index.WikipediaIndexer.main()] [2012-11-06 09:30:53,694] (SAXWikiPageHandler->process->93): Done with 850000 category pages!
ERROR [edu.isi.index.WikipediaIndexer.main()] [2012-11-06 09:30:57,832] (SAXWikiPageHandler->process->126): Malformed infobox for 12286177
ERROR [edu.isi.index.WikipediaIndexer.main()] [2012-11-06 09:32:16,339] (SAXWikiPageHandler->process->126): Malformed infobox for 12323794
INFO [edu.isi.index.WikipediaIndexer.main()] [2012-11-06 09:33:59,786] (SAXWikiPageHandler->process->93): Done with 860000 category pages!
INFO [edu.isi.index.WikipediaIndexer.main()] [2012-11-06 09:35:30,843] (SAXWikiPageHandler->process->119): Done with 4850000 wiki pages!
ERROR [edu.isi.index.WikipediaIndexer.main()] [2012-11-06 09:35:42,460] (SAXWikiPageHandler->process->126): Malformed infobox for 12417510
ERROR [edu.isi.index.WikipediaIndexer.main()] [2012-11-06 09:36:45,801] (SAXWikiPageHandler->process->126): Malformed infobox for 12445960
ERROR [edu.isi.index.WikipediaIndexer.main()] [2012-11-06 09:36:45,820] (SAXWikiPageHandler->process->126): Malformed infobox for 12445966
INFO [edu.isi.index.WikipediaIndexer.main()] [2012-11-06 09:36:56,490] (SAXWikiPageHandler->process->93): Done with 870000 category pages!
ERROR [edu.isi.index.WikipediaIndexer.main()] [2012-11-06 09:37:29,437] (SAXWikiPageHandler->process->126): Malformed infobox for 12465526
ERROR [edu.isi.index.WikipediaIndexer.main()] [2012-11-06 09:39:19,434] (SAXWikiPageHandler->process->126): Malformed infobox for 12507451
INFO [edu.isi.index.WikipediaIndexer.main()] [2012-11-06 09:41:32,958] (SAXWikiPageHandler->process->119): Done with 4900000 wiki pages!
INFO [edu.isi.index.WikipediaIndexer.main()] [2012-11-06 09:41:55,077] (SAXWikiPageHandler->process->93): Done with 880000 category pages!
ERROR [edu.isi.index.WikipediaIndexer.main()] [2012-11-06 09:42:37,246] (SAXWikiPageHandler->process->126): Malformed infobox for 12566494
ERROR [edu.isi.index.WikipediaIndexer.main()] [2012-11-06 09:43:23,703] (SAXWikiPageHandler->process->126): Malformed infobox for 12586890
ERROR [edu.isi.index.WikipediaIndexer.main()] [2012-11-06 09:43:27,053] (SAXWikiPageHandler->process->126): Malformed infobox for 12588970
ERROR [edu.isi.index.WikipediaIndexer.main()] [2012-11-06 09:44:26,648] (SAXWikiPageHandler->process->126): Malformed infobox for 12615818
ERROR [edu.isi.index.WikipediaIndexer.main()] [2012-11-06 09:45:24,153] (SAXWikiPageHandler->process->126): Malformed infobox for 12639970
INFO [edu.isi.index.WikipediaIndexer.main()] [2012-11-06 09:45:28,054] (SAXWikiPageHandler->process->93): Done with 890000 category pages!
ERROR [edu.isi.index.WikipediaIndexer.main()] [2012-11-06 09:45:58,450] (SAXWikiPageHandler->process->126): Malformed infobox for 12652741
ERROR [edu.isi.index.WikipediaIndexer.main()] [2012-11-06 09:46:36,352] (SAXWikiPageHandler->process->126): Malformed infobox for 12667017
INFO [edu.isi.index.WikipediaIndexer.main()] [2012-11-06 09:46:53,583] (SAXWikiPageHandler->process->119): Done with 4950000 wiki pages!
INFO [edu.isi.index.WikipediaIndexer.main()] [2012-11-06 09:48:43,529] (SAXWikiPageHandler->process->93): Done with 900000 category pages!
ERROR [edu.isi.index.WikipediaIndexer.main()] [2012-11-06 09:51:30,736] (SAXWikiPageHandler->process->126): Malformed infobox for 12783934
INFO [edu.isi.index.WikipediaIndexer.main()] [2012-11-06 09:51:37,031] (SAXWikiPageHandler->process->93): Done with 910000 category pages!
ERROR [edu.isi.index.WikipediaIndexer.main()] [2012-11-06 09:55:01,085] (SAXWikiPageHandler->process->126): Malformed infobox for 12825821
INFO [edu.isi.index.WikipediaIndexer.main()] [2012-11-06 09:55:01,114] (SAXWikiPageHandler->process->119): Done with 5000000 wiki pages!
ERROR [edu.isi.index.WikipediaIndexer.main()] [2012-11-06 09:55:54,959] (SAXWikiPageHandler->process->126): Malformed infobox for 12851821
INFO [edu.isi.index.WikipediaIndexer.main()] [2012-11-06 09:56:00,075] (SAXWikiPageHandler->process->93): Done with 920000 category pages!
ERROR [edu.isi.index.WikipediaIndexer.main()] [2012-11-06 09:56:22,219] (SAXWikiPageHandler->process->126): Malformed infobox for 12863325
INFO [edu.isi.index.WikipediaIndexer.main()] [2012-11-06 09:57:15,538] (WikipediaIndexer->main->74): Done indexing the Wikipedia dump!
